2023-12-18 13:12:25 INFO  HomePage :84 - Clicking on laptop and notebook from : [[ChromeDriver: chrome on windows (128ab1e8edf7c3b38ad932cda2bbbc49)] -> xpath: //a[normalize-space()='Laptops & Notebooks']]
2023-12-18 13:12:651 INFO  HomePage :57 - Select menu from : Show AllLaptops & Notebooks[[ChromeDriver: chrome on windows (128ab1e8edf7c3b38ad932cda2bbbc49)] -> link text: Show AllLaptops & Notebooks]
2023-12-18 13:12:368 INFO  LaptopAndBooksPage :32 - select text : Price (High > Low) from dropdown [[ChromeDriver: chrome on windows (128ab1e8edf7c3b38ad932cda2bbbc49)] -> xpath: (//select[@id='input-sort'])[1]]
2023-12-18 13:12:431 INFO  LaptopAndBooksPage :34 - get array list : [[ChromeDriver: chrome on windows (128ab1e8edf7c3b38ad932cda2bbbc49)] -> xpath: //p[@class ='price']]
2023-12-18 13:12:528 INFO  LaptopAndBooksPage :40 - Get products arrangement in high to low order : [[ChromeDriver: chrome on windows (128ab1e8edf7c3b38ad932cda2bbbc49)] -> xpath: //p[@class ='price']]
2023-12-18 13:12:549 INFO  HomePage :73 - Clicking on desktop from : [[ChromeDriver: chrome on windows (ecbf50dd4d70c1159c196f47ded9c83d)] -> link text: Desktops]
2023-12-18 13:12:694 INFO  HomePage :57 - Select menu from : Show AllDesktops[[ChromeDriver: chrome on windows (ecbf50dd4d70c1159c196f47ded9c83d)] -> link text: Show AllDesktops]
2023-12-18 13:12:380 INFO  DesktopsPage :56 - Select sortBy Name (Z - A) in descending order [[ChromeDriver: chrome on windows (ecbf50dd4d70c1159c196f47ded9c83d)] -> xpath: //select[@id='input-sort']]
2023-12-18 13:12:761 INFO  DesktopsPage :50 - Get elements sorted in reverse order[[ChromeDriver: chrome on windows (ecbf50dd4d70c1159c196f47ded9c83d)] -> xpath: //select[@id='input-sort']]
2023-12-18 13:12:839 INFO  HomePage :116 - Clicking on account link : [[ChromeDriver: chrome on windows (97026dc92052269be357c751359db26d)] -> xpath: //span[normalize-space()='My Account']]
2023-12-18 13:12:807 INFO  MyAccountPage :94 - get array list : Register[[ChromeDriver: chrome on windows (97026dc92052269be357c751359db26d)] -> link text: Register]
2023-12-18 13:12:862 INFO  RegisterPage :62 - Get Register account text : [[ChromeDriver: chrome on windows (97026dc92052269be357c751359db26d)] -> xpath: //h1[normalize-space()='Register Account']]
2023-12-18 13:12:471 INFO  HomePage :73 - Clicking on desktop from : [[ChromeDriver: chrome on windows (9a193d133836816f6e47a905236ad3cd)] -> link text: Desktops]
2023-12-18 13:12:689 INFO  HomePage :57 - Select menu from : Show AllDesktops[[ChromeDriver: chrome on windows (9a193d133836816f6e47a905236ad3cd)] -> link text: Show AllDesktops]
2023-12-18 13:12:758 INFO  HomePage :78 - Clicking on desktop from : [[ChromeDriver: chrome on windows (9a193d133836816f6e47a905236ad3cd)] -> xpath: //h2[contains(text(),'Desktops')]]
2023-12-18 17:12:845 INFO  HomePage :106 - Clicking on dropdown from : [[ChromeDriver: chrome on windows (12c71e6d22ccfc9ff56a440c82e69929)] -> xpath: //button[@class='btn btn-link dropdown-toggle']]
2023-12-18 17:12:705 INFO  HomePage :111 - Clicking on sterling from dropdown : [[ChromeDriver: chrome on windows (12c71e6d22ccfc9ff56a440c82e69929)] -> xpath: (//button[normalize-space()='£Pound Sterling'])[1]]
2023-12-18 17:12:903 INFO  HomePage :73 - Clicking on desktop from : [[ChromeDriver: chrome on windows (12c71e6d22ccfc9ff56a440c82e69929)] -> link text: Desktops]
2023-12-18 17:12:368 INFO  HomePage :57 - Select menu from : Show AllDesktops[[ChromeDriver: chrome on windows (12c71e6d22ccfc9ff56a440c82e69929)] -> link text: Show AllDesktops]
2023-12-18 17:12:973 INFO  DesktopsPage :62 - Select sortBy Name (A - Z) in ascending order [[ChromeDriver: chrome on windows (12c71e6d22ccfc9ff56a440c82e69929)] -> xpath: //select[@id='input-sort']]
2023-12-18 17:12:481 INFO  HomePage :106 - Clicking on dropdown from : [[ChromeDriver: chrome on windows (2a4a6f30994752064a9db9082d3268c1)] -> xpath: //button[@class='btn btn-link dropdown-toggle']]
2023-12-18 17:12:48 INFO  HomePage :106 - Clicking on dropdown from : [[ChromeDriver: chrome on windows (b83c7ace91d264dece6866d2be4bd127)] -> xpath: //button[@class='btn btn-link dropdown-toggle']]
2023-12-18 17:12:944 INFO  HomePage :111 - Clicking on sterling from dropdown : [[ChromeDriver: chrome on windows (b83c7ace91d264dece6866d2be4bd127)] -> xpath: (//button[normalize-space()='£Pound Sterling'])[1]]
2023-12-18 17:12:136 INFO  HomePage :73 - Clicking on desktop from : [[ChromeDriver: chrome on windows (b83c7ace91d264dece6866d2be4bd127)] -> link text: Desktops]
2023-12-18 17:12:253 INFO  HomePage :57 - Select menu from : Show AllDesktops[[ChromeDriver: chrome on windows (b83c7ace91d264dece6866d2be4bd127)] -> link text: Show AllDesktops]
2023-12-18 17:12:836 INFO  DesktopsPage :62 - Select sortBy Name (A - Z) in ascending order [[ChromeDriver: chrome on windows (b83c7ace91d264dece6866d2be4bd127)] -> xpath: //select[@id='input-sort']]
2023-12-18 18:12:215 INFO  HomePage :84 - Clicking on laptop and notebook from : [[ChromeDriver: chrome on windows (c68ac00c58941e7cc64ea050718c14a8)] -> xpath: //a[normalize-space()='Laptops & Notebooks']]
2023-12-18 18:12:166 INFO  HomePage :57 - Select menu from : Show AllLaptops & Notebooks[[ChromeDriver: chrome on windows (c68ac00c58941e7cc64ea050718c14a8)] -> link text: Show AllLaptops & Notebooks]
2023-12-18 18:12:112 INFO  LaptopAndBooksPage :32 - select text : Price (High > Low) from dropdown [[ChromeDriver: chrome on windows (c68ac00c58941e7cc64ea050718c14a8)] -> xpath: (//select[@id='input-sort'])[1]]
2023-12-18 18:12:177 INFO  LaptopAndBooksPage :34 - get array list : [[ChromeDriver: chrome on windows (c68ac00c58941e7cc64ea050718c14a8)] -> xpath: //p[@class ='price']]
2023-12-18 18:12:277 INFO  LaptopAndBooksPage :40 - Get products arrangement in high to low order : [[ChromeDriver: chrome on windows (c68ac00c58941e7cc64ea050718c14a8)] -> xpath: //p[@class ='price']]
2023-12-18 18:12:743 INFO  HomePage :106 - Clicking on dropdown from : [[ChromeDriver: chrome on windows (1fc0a30bc01b1c613a0997364998f512)] -> xpath: //button[@class='btn btn-link dropdown-toggle']]
2023-12-18 18:12:640 INFO  HomePage :111 - Clicking on sterling from dropdown : [[ChromeDriver: chrome on windows (1fc0a30bc01b1c613a0997364998f512)] -> xpath: (//button[normalize-space()='£Pound Sterling'])[1]]
2023-12-18 18:12:875 INFO  HomePage :84 - Clicking on laptop and notebook from : [[ChromeDriver: chrome on windows (1fc0a30bc01b1c613a0997364998f512)] -> xpath: //a[normalize-space()='Laptops & Notebooks']]
2023-12-18 18:12:903 INFO  HomePage :57 - Select menu from : Show AllLaptops & Notebooks[[ChromeDriver: chrome on windows (1fc0a30bc01b1c613a0997364998f512)] -> link text: Show AllLaptops & Notebooks]
2023-12-18 18:12:119 INFO  LaptopAndBooksPage :32 - select text : Price (High > Low) from dropdown [[ChromeDriver: chrome on windows (1fc0a30bc01b1c613a0997364998f512)] -> xpath: (//select[@id='input-sort'])[1]]
2023-12-18 18:12:159 INFO  LaptopAndBooksPage :34 - get array list : [[ChromeDriver: chrome on windows (1fc0a30bc01b1c613a0997364998f512)] -> xpath: //p[@class ='price']]
2023-12-18 18:12:792 INFO  LaptopAndBooksPage :51 - Clicking on product from : [[ChromeDriver: chrome on windows (1fc0a30bc01b1c613a0997364998f512)] -> link text: MacBook]
2023-12-18 18:12:904 INFO  MacBookPage :31 - Get Mac Book text : [[ChromeDriver: chrome on windows (1fc0a30bc01b1c613a0997364998f512)] -> xpath: //h1[normalize-space()='MacBook']]
2023-12-18 18:12:17 INFO  MacBookPage :37 - Clicking on add to cart from : [[ChromeDriver: chrome on windows (1fc0a30bc01b1c613a0997364998f512)] -> xpath: //button[@id='button-cart']]
2023-12-18 18:12:383 INFO  MacBookPage :42 - Get adding cart successfully message : [[ChromeDriver: chrome on windows (1fc0a30bc01b1c613a0997364998f512)] -> xpath: //div[@class='alert alert-success alert-dismissible']]
2023-12-18 18:12:937 INFO  MacBookPage :48 - Clicking on shopping cart link : [[ChromeDriver: chrome on windows (1fc0a30bc01b1c613a0997364998f512)] -> xpath: //a[normalize-space()='shopping cart']]
2023-12-18 18:12:13 INFO  ShoppingCartPage :74 - Get Shopping cart text : [[ChromeDriver: chrome on windows (1fc0a30bc01b1c613a0997364998f512)] -> xpath: //h1[contains(text(),'Shopping Cart')]]
2023-12-18 18:12:77 INFO  ShoppingCartPage :104 - Get product name : [[ChromeDriver: chrome on windows (1fc0a30bc01b1c613a0997364998f512)] -> xpath: (//a[contains(text(),'MacBook')])[2]]
2023-12-18 18:12:244 INFO  ShoppingCartPage :110 - Clear text : [[ChromeDriver: chrome on windows (1fc0a30bc01b1c613a0997364998f512)] -> xpath: //input[@class='form-control']]
2023-12-18 18:12:302 INFO  ShoppingCartPage :115 - Enter qty : 2 in qty box [[ChromeDriver: chrome on windows (1fc0a30bc01b1c613a0997364998f512)] -> xpath: //input[@class='form-control']]
2023-12-18 18:12:29 INFO  ShoppingCartPage :120 - Clicking on update the box button : [[ChromeDriver: chrome on windows (1fc0a30bc01b1c613a0997364998f512)] -> xpath: (//button[@type='submit'])[1]]
2023-12-18 18:12:85 INFO  ShoppingCartPage :125 - Get success message : [[ChromeDriver: chrome on windows (1fc0a30bc01b1c613a0997364998f512)] -> xpath: //div[@class='alert alert-success alert-dismissible']]
2023-12-18 18:12:144 INFO  ShoppingCartPage :131 - Get total price : [[ChromeDriver: chrome on windows (1fc0a30bc01b1c613a0997364998f512)] -> xpath: (//td[contains(text(),'£737.45')])[3]]
2023-12-18 18:12:665 INFO  ShoppingCartPage :137 - Clicking check out button : [[ChromeDriver: chrome on windows (1fc0a30bc01b1c613a0997364998f512)] -> xpath: //a[@class='btn btn-primary']]
2023-12-18 18:12:716 INFO  CheckOutPage :88 - Get checkout text from : [[ChromeDriver: chrome on windows (1fc0a30bc01b1c613a0997364998f512)] -> xpath: //h1[normalize-space()='Checkout']]
2023-12-18 18:12:461 INFO  CheckOutPage :94 - Get new customer text from : [[ChromeDriver: chrome on windows (1fc0a30bc01b1c613a0997364998f512)] -> xpath: (//h2[normalize-space()='New Customer'])[1]]
2023-12-18 18:12:536 INFO  CheckOutPage :100 - Clicking on guest checkout button from : [[ChromeDriver: chrome on windows (1fc0a30bc01b1c613a0997364998f512)] -> xpath: //input[@value='guest']]
2023-12-18 18:12:656 INFO  CheckOutPage :105 - Clicking on continue button : [[ChromeDriver: chrome on windows (1fc0a30bc01b1c613a0997364998f512)] -> css selector: #button-account]
2023-12-18 18:12:91 INFO  CheckOutPage :123 - Clicking on continue button : [[ChromeDriver: chrome on windows (1fc0a30bc01b1c613a0997364998f512)] -> xpath: //input[@id='button-guest']]
2023-12-18 18:12:874 INFO  CheckOutPage :129 - Enter comment : Leave my order by door in comment area [[ChromeDriver: chrome on windows (1fc0a30bc01b1c613a0997364998f512)] -> xpath: //textarea[@name='comment']]
2023-12-18 18:12:986 INFO  CheckOutPage :134 - Clicking on terms and condition : [[ChromeDriver: chrome on windows (1fc0a30bc01b1c613a0997364998f512)] -> css selector: input[value='1'][name='agree']]
2023-12-18 18:12:171 INFO  CheckOutPage :139 - Clicking on continue button : [[ChromeDriver: chrome on windows (1fc0a30bc01b1c613a0997364998f512)] -> xpath: //input[@id='button-payment-method']]
2023-12-18 18:12:453 INFO  CheckOutPage :144 - Get warning message for payment method from : [[ChromeDriver: chrome on windows (1fc0a30bc01b1c613a0997364998f512)] -> xpath: //div[@class ='alert alert-danger alert-dismissible']]
2023-12-18 18:12:242 INFO  HomePage :73 - Clicking on desktop from : [[ChromeDriver: chrome on windows (daddcf5fcc14d1c8d28bfd18ef5eccc1)] -> link text: Desktops]
2023-12-18 18:12:439 INFO  HomePage :57 - Select menu from : Show AllDesktops[[ChromeDriver: chrome on windows (daddcf5fcc14d1c8d28bfd18ef5eccc1)] -> link text: Show AllDesktops]
2023-12-18 18:12:300 INFO  DesktopsPage :56 - Select sortBy Name (Z - A) in descending order [[ChromeDriver: chrome on windows (daddcf5fcc14d1c8d28bfd18ef5eccc1)] -> xpath: //select[@id='input-sort']]
2023-12-18 18:12:624 INFO  DesktopsPage :50 - Get elements sorted in reverse order[[ChromeDriver: chrome on windows (daddcf5fcc14d1c8d28bfd18ef5eccc1)] -> xpath: //select[@id='input-sort']]
2023-12-18 18:12:497 INFO  HomePage :106 - Clicking on dropdown from : [[ChromeDriver: chrome on windows (9cc407c3674993bf10400f19464fe7c5)] -> xpath: //button[@class='btn btn-link dropdown-toggle']]
2023-12-18 18:12:719 INFO  HomePage :111 - Clicking on sterling from dropdown : [[ChromeDriver: chrome on windows (9cc407c3674993bf10400f19464fe7c5)] -> xpath: (//button[normalize-space()='£Pound Sterling'])[1]]
2023-12-18 18:12:937 INFO  HomePage :73 - Clicking on desktop from : [[ChromeDriver: chrome on windows (9cc407c3674993bf10400f19464fe7c5)] -> link text: Desktops]
2023-12-18 18:12:806 INFO  HomePage :57 - Select menu from : Show AllDesktops[[ChromeDriver: chrome on windows (9cc407c3674993bf10400f19464fe7c5)] -> link text: Show AllDesktops]
2023-12-18 18:12:477 INFO  DesktopsPage :62 - Select sortBy Name (A - Z) in ascending order [[ChromeDriver: chrome on windows (9cc407c3674993bf10400f19464fe7c5)] -> xpath: //select[@id='input-sort']]
2023-12-18 18:12:778 INFO  HomePage :106 - Clicking on dropdown from : [[ChromeDriver: chrome on windows (097f0daea6ad9acfc7e8373e526ccc38)] -> xpath: //button[@class='btn btn-link dropdown-toggle']]
2023-12-18 18:12:793 INFO  HomePage :111 - Clicking on sterling from dropdown : [[ChromeDriver: chrome on windows (097f0daea6ad9acfc7e8373e526ccc38)] -> xpath: (//button[normalize-space()='£Pound Sterling'])[1]]
2023-12-18 18:12:32 INFO  HomePage :73 - Clicking on desktop from : [[ChromeDriver: chrome on windows (097f0daea6ad9acfc7e8373e526ccc38)] -> link text: Desktops]
2023-12-18 18:12:581 INFO  HomePage :57 - Select menu from : Show AllDesktops[[ChromeDriver: chrome on windows (097f0daea6ad9acfc7e8373e526ccc38)] -> link text: Show AllDesktops]
2023-12-18 18:12:253 INFO  DesktopsPage :62 - Select sortBy Name (A - Z) in ascending order [[ChromeDriver: chrome on windows (097f0daea6ad9acfc7e8373e526ccc38)] -> xpath: //select[@id='input-sort']]
2023-12-18 18:12:703 INFO  HomePage :106 - Clicking on dropdown from : [[ChromeDriver: chrome on windows (b3aa96c447c6699243b9c3288364ad0c)] -> xpath: //button[@class='btn btn-link dropdown-toggle']]
2023-12-18 18:12:793 INFO  HomePage :111 - Clicking on sterling from dropdown : [[ChromeDriver: chrome on windows (b3aa96c447c6699243b9c3288364ad0c)] -> xpath: (//button[normalize-space()='£Pound Sterling'])[1]]
2023-12-18 18:12:15 INFO  HomePage :73 - Clicking on desktop from : [[ChromeDriver: chrome on windows (b3aa96c447c6699243b9c3288364ad0c)] -> link text: Desktops]
2023-12-18 18:12:477 INFO  HomePage :57 - Select menu from : Show AllDesktops[[ChromeDriver: chrome on windows (b3aa96c447c6699243b9c3288364ad0c)] -> link text: Show AllDesktops]
2023-12-18 18:12:123 INFO  DesktopsPage :62 - Select sortBy Name (A - Z) in ascending order [[ChromeDriver: chrome on windows (b3aa96c447c6699243b9c3288364ad0c)] -> xpath: //select[@id='input-sort']]
2023-12-18 18:12:508 INFO  HomePage :106 - Clicking on dropdown from : [[ChromeDriver: chrome on windows (9767cb21fe65e0ab4f3011863353fc1c)] -> xpath: //button[@class='btn btn-link dropdown-toggle']]
2023-12-18 18:12:493 INFO  HomePage :111 - Clicking on sterling from dropdown : [[ChromeDriver: chrome on windows (9767cb21fe65e0ab4f3011863353fc1c)] -> xpath: (//button[normalize-space()='£Pound Sterling'])[1]]
2023-12-18 18:12:725 INFO  HomePage :73 - Clicking on desktop from : [[ChromeDriver: chrome on windows (9767cb21fe65e0ab4f3011863353fc1c)] -> link text: Desktops]
2023-12-18 18:12:250 INFO  HomePage :57 - Select menu from : Show AllDesktops[[ChromeDriver: chrome on windows (9767cb21fe65e0ab4f3011863353fc1c)] -> link text: Show AllDesktops]
2023-12-18 18:12:842 INFO  DesktopsPage :62 - Select sortBy Name (A - Z) in ascending order [[ChromeDriver: chrome on windows (9767cb21fe65e0ab4f3011863353fc1c)] -> xpath: //select[@id='input-sort']]
2023-12-18 18:12:304 INFO  HomePage :106 - Clicking on dropdown from : [[ChromeDriver: chrome on windows (028b1f284a80d0288db7ce4111cefd7d)] -> xpath: //button[@class='btn btn-link dropdown-toggle']]
2023-12-18 18:12:292 INFO  HomePage :111 - Clicking on sterling from dropdown : [[ChromeDriver: chrome on windows (028b1f284a80d0288db7ce4111cefd7d)] -> xpath: (//button[normalize-space()='£Pound Sterling'])[1]]
2023-12-18 18:12:512 INFO  HomePage :73 - Clicking on desktop from : [[ChromeDriver: chrome on windows (028b1f284a80d0288db7ce4111cefd7d)] -> link text: Desktops]
2023-12-18 18:12:950 INFO  HomePage :57 - Select menu from : Show AllDesktops[[ChromeDriver: chrome on windows (028b1f284a80d0288db7ce4111cefd7d)] -> link text: Show AllDesktops]
2023-12-18 18:12:555 INFO  DesktopsPage :62 - Select sortBy Name (A - Z) in ascending order [[ChromeDriver: chrome on windows (028b1f284a80d0288db7ce4111cefd7d)] -> xpath: //select[@id='input-sort']]
2023-12-18 18:12:299 INFO  HomePage :106 - Clicking on dropdown from : [[ChromeDriver: chrome on windows (640062203faab98987793f74ada31fcb)] -> xpath: //button[@class='btn btn-link dropdown-toggle']]
2023-12-18 18:12:461 INFO  HomePage :111 - Clicking on sterling from dropdown : [[ChromeDriver: chrome on windows (640062203faab98987793f74ada31fcb)] -> xpath: (//button[normalize-space()='£Pound Sterling'])[1]]
2023-12-18 18:12:643 INFO  HomePage :73 - Clicking on desktop from : [[ChromeDriver: chrome on windows (640062203faab98987793f74ada31fcb)] -> link text: Desktops]
2023-12-18 18:12:277 INFO  HomePage :57 - Select menu from : Show AllDesktops[[ChromeDriver: chrome on windows (640062203faab98987793f74ada31fcb)] -> link text: Show AllDesktops]
2023-12-18 18:12:202 INFO  DesktopsPage :62 - Select sortBy Name (A - Z) in ascending order [[ChromeDriver: chrome on windows (640062203faab98987793f74ada31fcb)] -> xpath: //select[@id='input-sort']]
2023-12-18 18:12:02 INFO  HomePage :116 - Clicking on account link : [[ChromeDriver: chrome on windows (779f81041085c0e90bf27f59544bef29)] -> xpath: //span[normalize-space()='My Account']]
2023-12-18 18:12:476 INFO  MyAccountPage :94 - get array list : Register[[ChromeDriver: chrome on windows (779f81041085c0e90bf27f59544bef29)] -> link text: Register]
2023-12-18 18:12:566 INFO  RegisterPage :62 - Get Register account text : [[ChromeDriver: chrome on windows (779f81041085c0e90bf27f59544bef29)] -> xpath: //h1[normalize-space()='Register Account']]
2023-12-18 18:12:619 INFO  HomePage :116 - Clicking on account link : [[ChromeDriver: chrome on windows (75c70f2983de15597d2da49113d9203f)] -> xpath: //span[normalize-space()='My Account']]
2023-12-18 18:12:291 INFO  MyAccountPage :94 - get array list : Login[[ChromeDriver: chrome on windows (75c70f2983de15597d2da49113d9203f)] -> link text: Login]
2023-12-18 18:12:354 INFO  RegisterPage :68 - Get Register account text : [[ChromeDriver: chrome on windows (75c70f2983de15597d2da49113d9203f)] -> xpath: //h2[normalize-space()='Returning Customer']]
2023-12-18 18:12:955 INFO  HomePage :116 - Clicking on account link : [[ChromeDriver: chrome on windows (7bcba1e10e026eade4f2c3bfa173f5dd)] -> xpath: //span[normalize-space()='My Account']]
2023-12-18 18:12:235 INFO  MyAccountPage :94 - get array list : Register[[ChromeDriver: chrome on windows (7bcba1e10e026eade4f2c3bfa173f5dd)] -> link text: Register]
2023-12-18 18:12:390 INFO  RegisterPage :74 - Enter First name : Michel in first name field [[ChromeDriver: chrome on windows (7bcba1e10e026eade4f2c3bfa173f5dd)] -> id: input-firstname]
2023-12-18 18:12:543 INFO  RegisterPage :79 - Enter surname : Jackson in last name field [[ChromeDriver: chrome on windows (7bcba1e10e026eade4f2c3bfa173f5dd)] -> id: input-lastname]
2023-12-18 18:12:720 INFO  RegisterPage :86 - Enter email : random-dd9deadf-f765-40b1-9f5b-31d16d6abf81@gmail.com in email field [[ChromeDriver: chrome on windows (7bcba1e10e026eade4f2c3bfa173f5dd)] -> id: input-email]
2023-12-18 18:12:823 INFO  RegisterPage :95 - Enter telephone number : 1234567890 in number field [[ChromeDriver: chrome on windows (7bcba1e10e026eade4f2c3bfa173f5dd)] -> id: input-telephone]
2023-12-18 18:12:951 INFO  RegisterPage :100 - Enter password : 0987654 in password field [[ChromeDriver: chrome on windows (7bcba1e10e026eade4f2c3bfa173f5dd)] -> id: input-password]
2023-12-18 18:12:68 INFO  RegisterPage :105 - Enter confirm password: 0987654 in confirm password field [[ChromeDriver: chrome on windows (7bcba1e10e026eade4f2c3bfa173f5dd)] -> xpath: //input[@id='input-confirm']]
2023-12-18 18:12:125 INFO  RegisterPage :110 - Clicking on subscribe radio button : [[ChromeDriver: chrome on windows (7bcba1e10e026eade4f2c3bfa173f5dd)] -> xpath: //label[normalize-space()='Yes']]
2023-12-18 18:12:190 INFO  RegisterPage :115 - Clicking on privacy box button : [[ChromeDriver: chrome on windows (7bcba1e10e026eade4f2c3bfa173f5dd)] -> css selector: input[value='1'][name='agree']]
2023-12-18 18:12:180 INFO  RegisterPage :120 - Clicking on continue button : [[ChromeDriver: chrome on windows (7bcba1e10e026eade4f2c3bfa173f5dd)] -> xpath: //input[@value='Continue']]
2023-12-18 18:12:227 INFO  MyAccountPage :55 - Get account creation text : [[ChromeDriver: chrome on windows (7bcba1e10e026eade4f2c3bfa173f5dd)] -> xpath: //h1[normalize-space()='Your Account Has Been Created!']]
2023-12-18 18:12:286 INFO  MyAccountPage :61 - Clicking on continue account button : [[ChromeDriver: chrome on windows (7bcba1e10e026eade4f2c3bfa173f5dd)] -> xpath: //h1[normalize-space()='Your Account Has Been Created!']]
2023-12-18 18:12:444 INFO  HomePage :116 - Clicking on account link : [[ChromeDriver: chrome on windows (7bcba1e10e026eade4f2c3bfa173f5dd)] -> xpath: //span[normalize-space()='My Account']]
2023-12-18 18:12:510 INFO  MyAccountPage :94 - get array list : Logout[[ChromeDriver: chrome on windows (7bcba1e10e026eade4f2c3bfa173f5dd)] -> link text: Logout]
2023-12-18 18:12:551 INFO  MyAccountPage :66 - Get account creation text : [[ChromeDriver: chrome on windows (7bcba1e10e026eade4f2c3bfa173f5dd)] -> xpath: //a[normalize-space()='Logout']]
2023-12-18 18:12:32 INFO  MyAccountPage :72 - Clicking on logout button : [[ChromeDriver: chrome on windows (7bcba1e10e026eade4f2c3bfa173f5dd)] -> xpath: //a[normalize-space()='Continue']]
2023-12-18 18:12:871 INFO  HomePage :116 - Clicking on account link : [[ChromeDriver: chrome on windows (49225736d625ccd6f71802d1f0b5d520)] -> xpath: //span[normalize-space()='My Account']]
2023-12-18 18:12:550 INFO  MyAccountPage :94 - get array list : Login[[ChromeDriver: chrome on windows (49225736d625ccd6f71802d1f0b5d520)] -> link text: Login]
2023-12-18 18:12:716 INFO  RegisterPage :86 - Enter email : robert_jackson@gmail.com in email field [[ChromeDriver: chrome on windows (49225736d625ccd6f71802d1f0b5d520)] -> id: input-email]
2023-12-18 18:12:810 INFO  RegisterPage :100 - Enter password : 12345678 in password field [[ChromeDriver: chrome on windows (49225736d625ccd6f71802d1f0b5d520)] -> id: input-password]
2023-12-18 18:12:122 INFO  MyAccountPage :77 - Clicking on login button : [[ChromeDriver: chrome on windows (49225736d625ccd6f71802d1f0b5d520)] -> xpath: //input[@value='Login']]
2023-12-18 18:12:163 INFO  MyAccountPage :82 - Get My Account text : [[ChromeDriver: chrome on windows (49225736d625ccd6f71802d1f0b5d520)] -> xpath: //h2[normalize-space()='My Account']]
2023-12-18 18:12:316 INFO  HomePage :116 - Clicking on account link : [[ChromeDriver: chrome on windows (49225736d625ccd6f71802d1f0b5d520)] -> xpath: //span[normalize-space()='My Account']]
2023-12-18 18:12:207 INFO  MyAccountPage :94 - get array list : Logout[[ChromeDriver: chrome on windows (49225736d625ccd6f71802d1f0b5d520)] -> link text: Logout]
2023-12-18 18:12:243 INFO  MyAccountPage :66 - Get account creation text : [[ChromeDriver: chrome on windows (49225736d625ccd6f71802d1f0b5d520)] -> xpath: //a[normalize-space()='Logout']]
2023-12-18 18:12:744 INFO  MyAccountPage :72 - Clicking on logout button : [[ChromeDriver: chrome on windows (49225736d625ccd6f71802d1f0b5d520)] -> xpath: //a[normalize-space()='Continue']]
2023-12-18 18:12:863 INFO  HomePage :73 - Clicking on desktop from : [[ChromeDriver: chrome on windows (5a32b25d79e4fe593124f6639055febf)] -> link text: Desktops]
2023-12-18 18:12:121 INFO  HomePage :57 - Select menu from : Show AllDesktops[[ChromeDriver: chrome on windows (5a32b25d79e4fe593124f6639055febf)] -> link text: Show AllDesktops]
2023-12-18 18:12:210 INFO  HomePage :78 - Clicking on desktop from : [[ChromeDriver: chrome on windows (5a32b25d79e4fe593124f6639055febf)] -> xpath: //h2[contains(text(),'Desktops')]]
2023-12-18 18:12:106 INFO  HomePage :84 - Clicking on laptop and notebook from : [[ChromeDriver: chrome on windows (ccafac17cc37fc015b907cdcf17cc48f)] -> xpath: //a[normalize-space()='Laptops & Notebooks']]
2023-12-18 18:12:951 INFO  HomePage :57 - Select menu from : Show AllLaptops & Notebooks[[ChromeDriver: chrome on windows (ccafac17cc37fc015b907cdcf17cc48f)] -> link text: Show AllLaptops & Notebooks]
2023-12-18 18:12:01 INFO  HomePage :89 - Clicking on desktop from : [[ChromeDriver: chrome on windows (ccafac17cc37fc015b907cdcf17cc48f)] -> xpath: //h2[normalize-space()='Laptops & Notebooks']]
2023-12-18 18:12:680 INFO  HomePage :95 - Clicking on components from : [[ChromeDriver: chrome on windows (36ecc21b175b50f8f3f18978e4506336)] -> xpath: //a[normalize-space()='Components']]
2023-12-18 18:12:905 INFO  HomePage :57 - Select menu from : Show AllComponents[[ChromeDriver: chrome on windows (36ecc21b175b50f8f3f18978e4506336)] -> link text: Show AllComponents]
2023-12-18 18:12:25 INFO  HomePage :100 - Clicking on desktop from : [[ChromeDriver: chrome on windows (36ecc21b175b50f8f3f18978e4506336)] -> xpath: //h2[normalize-space()='Components']]
2023-12-18 20:12:327 INFO  HomePage :106 - Clicking on dropdown from : [[ChromeDriver: chrome on windows (3f43fac324aea1a330dda748d503e4f2)] -> xpath: //button[@class='btn btn-link dropdown-toggle']]
2023-12-18 20:12:568 INFO  HomePage :111 - Clicking on sterling from dropdown : [[ChromeDriver: chrome on windows (3f43fac324aea1a330dda748d503e4f2)] -> xpath: (//button[normalize-space()='£Pound Sterling'])[1]]
2023-12-18 20:12:894 INFO  HomePage :73 - Clicking on desktop from : [[ChromeDriver: chrome on windows (3f43fac324aea1a330dda748d503e4f2)] -> link text: Desktops]
2023-12-18 20:12:205 INFO  HomePage :57 - Select menu from : Show AllDesktops[[ChromeDriver: chrome on windows (3f43fac324aea1a330dda748d503e4f2)] -> link text: Show AllDesktops]
2023-12-18 20:12:125 INFO  DesktopsPage :68 - Select sortBy Name (A - Z) in ascending order [[ChromeDriver: chrome on windows (3f43fac324aea1a330dda748d503e4f2)] -> xpath: //select[@id='input-sort']]
2023-12-18 20:12:847 INFO  ProductPage :40 - Get product name from : [[ChromeDriver: chrome on windows (3f43fac324aea1a330dda748d503e4f2)] -> css selector: div[id='content'] h1]
2023-12-18 20:12:262 INFO  ProductPage :53 - clear field : [[ChromeDriver: chrome on windows (3f43fac324aea1a330dda748d503e4f2)] -> name: quantity]
2023-12-18 20:12:350 INFO  ProductPage :55 - Enter Qty : [[ChromeDriver: chrome on windows (3f43fac324aea1a330dda748d503e4f2)] -> name: quantity] in Qty field [[ChromeDriver: chrome on windows (3f43fac324aea1a330dda748d503e4f2)] -> name: quantity]
2023-12-18 20:12:505 INFO  ProductPage :60 - Clicking Add to cart button : [[ChromeDriver: chrome on windows (3f43fac324aea1a330dda748d503e4f2)] -> xpath: //button[@id='button-cart']]
2023-12-18 20:12:995 INFO  ProductPage :65 - Get success message from : [[ChromeDriver: chrome on windows (3f43fac324aea1a330dda748d503e4f2)] -> xpath: //div[@class='alert alert-success alert-dismissible']]
2023-12-18 20:12:881 INFO  HomePage :106 - Clicking on dropdown from : [[ChromeDriver: chrome on windows (b1ff4d999a224d2249289377c133fa2f)] -> xpath: //button[@class='btn btn-link dropdown-toggle']]
2023-12-18 20:12:207 INFO  HomePage :111 - Clicking on sterling from dropdown : [[ChromeDriver: chrome on windows (b1ff4d999a224d2249289377c133fa2f)] -> xpath: (//button[normalize-space()='£Pound Sterling'])[1]]
2023-12-18 20:12:531 INFO  HomePage :73 - Clicking on desktop from : [[ChromeDriver: chrome on windows (b1ff4d999a224d2249289377c133fa2f)] -> link text: Desktops]
2023-12-18 20:12:377 INFO  HomePage :57 - Select menu from : Show AllDesktops[[ChromeDriver: chrome on windows (b1ff4d999a224d2249289377c133fa2f)] -> link text: Show AllDesktops]
2023-12-18 20:12:174 INFO  DesktopsPage :68 - Select sortBy Name (A - Z) in ascending order [[ChromeDriver: chrome on windows (b1ff4d999a224d2249289377c133fa2f)] -> xpath: //select[@id='input-sort']]
2023-12-18 20:12:582 INFO  ProductPage :40 - Get product name from : [[ChromeDriver: chrome on windows (b1ff4d999a224d2249289377c133fa2f)] -> css selector: div[id='content'] h1]
2023-12-18 20:12:952 INFO  ProductPage :53 - clear field : [[ChromeDriver: chrome on windows (b1ff4d999a224d2249289377c133fa2f)] -> name: quantity]
2023-12-18 20:12:30 INFO  ProductPage :55 - Enter Qty : [[ChromeDriver: chrome on windows (b1ff4d999a224d2249289377c133fa2f)] -> name: quantity] in Qty field [[ChromeDriver: chrome on windows (b1ff4d999a224d2249289377c133fa2f)] -> name: quantity]
2023-12-18 20:12:143 INFO  ProductPage :60 - Clicking Add to cart button : [[ChromeDriver: chrome on windows (b1ff4d999a224d2249289377c133fa2f)] -> xpath: //button[@id='button-cart']]
2023-12-18 20:12:502 INFO  ProductPage :65 - Get success message from : [[ChromeDriver: chrome on windows (b1ff4d999a224d2249289377c133fa2f)] -> xpath: //div[@class='alert alert-success alert-dismissible']]
2023-12-18 20:12:41 INFO  HomePage :106 - Clicking on dropdown from : [[ChromeDriver: chrome on windows (6fd298df0e878ee3a4f69e457ed6e3b3)] -> xpath: //button[@class='btn btn-link dropdown-toggle']]
2023-12-18 20:12:184 INFO  HomePage :111 - Clicking on sterling from dropdown : [[ChromeDriver: chrome on windows (6fd298df0e878ee3a4f69e457ed6e3b3)] -> xpath: (//button[normalize-space()='£Pound Sterling'])[1]]
2023-12-18 20:12:537 INFO  HomePage :73 - Clicking on desktop from : [[ChromeDriver: chrome on windows (6fd298df0e878ee3a4f69e457ed6e3b3)] -> link text: Desktops]
2023-12-18 20:12:905 INFO  HomePage :57 - Select menu from : Show AllDesktops[[ChromeDriver: chrome on windows (6fd298df0e878ee3a4f69e457ed6e3b3)] -> link text: Show AllDesktops]
2023-12-18 20:12:778 INFO  DesktopsPage :68 - Select sortBy Name (A - Z) in ascending order [[ChromeDriver: chrome on windows (6fd298df0e878ee3a4f69e457ed6e3b3)] -> xpath: //select[@id='input-sort']]
2023-12-18 20:12:806 INFO  ProductPage :40 - Get product name from : [[ChromeDriver: chrome on windows (6fd298df0e878ee3a4f69e457ed6e3b3)] -> css selector: div[id='content'] h1]
2023-12-18 20:12:113 INFO  ProductPage :53 - clear field : [[ChromeDriver: chrome on windows (6fd298df0e878ee3a4f69e457ed6e3b3)] -> name: quantity]
2023-12-18 20:12:210 INFO  ProductPage :55 - Enter Qty : [[ChromeDriver: chrome on windows (6fd298df0e878ee3a4f69e457ed6e3b3)] -> name: quantity] in Qty field [[ChromeDriver: chrome on windows (6fd298df0e878ee3a4f69e457ed6e3b3)] -> name: quantity]
2023-12-18 20:12:336 INFO  ProductPage :60 - Clicking Add to cart button : [[ChromeDriver: chrome on windows (6fd298df0e878ee3a4f69e457ed6e3b3)] -> xpath: //button[@id='button-cart']]
2023-12-18 20:12:744 INFO  ProductPage :65 - Get success message from : [[ChromeDriver: chrome on windows (6fd298df0e878ee3a4f69e457ed6e3b3)] -> xpath: //div[@class='alert alert-success alert-dismissible']]
2023-12-18 20:12:40 INFO  HomePage :106 - Clicking on dropdown from : [[ChromeDriver: chrome on windows (2e58ad2906b7b6aeaca965befa559e91)] -> xpath: //button[@class='btn btn-link dropdown-toggle']]
2023-12-18 20:12:326 INFO  HomePage :111 - Clicking on sterling from dropdown : [[ChromeDriver: chrome on windows (2e58ad2906b7b6aeaca965befa559e91)] -> xpath: (//button[normalize-space()='£Pound Sterling'])[1]]
2023-12-18 20:12:619 INFO  HomePage :73 - Clicking on desktop from : [[ChromeDriver: chrome on windows (2e58ad2906b7b6aeaca965befa559e91)] -> link text: Desktops]
2023-12-18 20:12:365 INFO  HomePage :57 - Select menu from : Show AllDesktops[[ChromeDriver: chrome on windows (2e58ad2906b7b6aeaca965befa559e91)] -> link text: Show AllDesktops]
2023-12-18 20:12:237 INFO  DesktopsPage :68 - Select sortBy Name (A - Z) in ascending order [[ChromeDriver: chrome on windows (2e58ad2906b7b6aeaca965befa559e91)] -> xpath: //select[@id='input-sort']]
2023-12-18 20:12:210 INFO  ProductPage :40 - Get product name from : [[ChromeDriver: chrome on windows (2e58ad2906b7b6aeaca965befa559e91)] -> css selector: div[id='content'] h1]
2023-12-18 20:12:576 INFO  ProductPage :53 - clear field : [[ChromeDriver: chrome on windows (2e58ad2906b7b6aeaca965befa559e91)] -> name: quantity]
2023-12-18 20:12:659 INFO  ProductPage :55 - Enter Qty : [[ChromeDriver: chrome on windows (2e58ad2906b7b6aeaca965befa559e91)] -> name: quantity] in Qty field [[ChromeDriver: chrome on windows (2e58ad2906b7b6aeaca965befa559e91)] -> name: quantity]
2023-12-18 20:12:823 INFO  ProductPage :60 - Clicking Add to cart button : [[ChromeDriver: chrome on windows (2e58ad2906b7b6aeaca965befa559e91)] -> xpath: //button[@id='button-cart']]
2023-12-18 20:12:807 INFO  ProductPage :65 - Get success message from : [[ChromeDriver: chrome on windows (2e58ad2906b7b6aeaca965befa559e91)] -> xpath: //div[@class='alert alert-success alert-dismissible']]
2023-12-18 20:12:868 INFO  HomePage :106 - Clicking on dropdown from : [[ChromeDriver: chrome on windows (6327d821dc18f21c4d0e414fdd0a8880)] -> xpath: //button[@class='btn btn-link dropdown-toggle']]
2023-12-18 20:12:471 INFO  HomePage :111 - Clicking on sterling from dropdown : [[ChromeDriver: chrome on windows (6327d821dc18f21c4d0e414fdd0a8880)] -> xpath: (//button[normalize-space()='£Pound Sterling'])[1]]
2023-12-18 20:12:954 INFO  HomePage :73 - Clicking on desktop from : [[ChromeDriver: chrome on windows (6327d821dc18f21c4d0e414fdd0a8880)] -> link text: Desktops]
2023-12-18 20:12:175 INFO  HomePage :57 - Select menu from : Show AllDesktops[[ChromeDriver: chrome on windows (6327d821dc18f21c4d0e414fdd0a8880)] -> link text: Show AllDesktops]
2023-12-18 20:12:11 INFO  DesktopsPage :68 - Select sortBy Name (A - Z) in ascending order [[ChromeDriver: chrome on windows (6327d821dc18f21c4d0e414fdd0a8880)] -> xpath: //select[@id='input-sort']]
2023-12-18 20:12:132 INFO  ProductPage :40 - Get product name from : [[ChromeDriver: chrome on windows (6327d821dc18f21c4d0e414fdd0a8880)] -> css selector: div[id='content'] h1]
2023-12-18 20:12:517 INFO  ProductPage :53 - clear field : [[ChromeDriver: chrome on windows (6327d821dc18f21c4d0e414fdd0a8880)] -> name: quantity]
2023-12-18 20:12:613 INFO  ProductPage :55 - Enter Qty : [[ChromeDriver: chrome on windows (6327d821dc18f21c4d0e414fdd0a8880)] -> name: quantity] in Qty field [[ChromeDriver: chrome on windows (6327d821dc18f21c4d0e414fdd0a8880)] -> name: quantity]
2023-12-18 20:12:794 INFO  ProductPage :60 - Clicking Add to cart button : [[ChromeDriver: chrome on windows (6327d821dc18f21c4d0e414fdd0a8880)] -> xpath: //button[@id='button-cart']]
2023-12-18 20:12:182 INFO  ProductPage :65 - Get success message from : [[ChromeDriver: chrome on windows (6327d821dc18f21c4d0e414fdd0a8880)] -> xpath: //div[@class='alert alert-success alert-dismissible']]
2023-12-18 20:12:889 INFO  HomePage :106 - Clicking on dropdown from : [[ChromeDriver: chrome on windows (de6eb63c6e8a01b1535ff961ed19999e)] -> xpath: //button[@class='btn btn-link dropdown-toggle']]
2023-12-18 20:12:183 INFO  HomePage :111 - Clicking on sterling from dropdown : [[ChromeDriver: chrome on windows (de6eb63c6e8a01b1535ff961ed19999e)] -> xpath: (//button[normalize-space()='£Pound Sterling'])[1]]
2023-12-18 20:12:516 INFO  HomePage :73 - Clicking on desktop from : [[ChromeDriver: chrome on windows (de6eb63c6e8a01b1535ff961ed19999e)] -> link text: Desktops]
2023-12-18 20:12:703 INFO  HomePage :57 - Select menu from : Show AllDesktops[[ChromeDriver: chrome on windows (de6eb63c6e8a01b1535ff961ed19999e)] -> link text: Show AllDesktops]
2023-12-18 20:12:61 INFO  DesktopsPage :68 - Select sortBy Name (A - Z) in ascending order [[ChromeDriver: chrome on windows (de6eb63c6e8a01b1535ff961ed19999e)] -> xpath: //select[@id='input-sort']]
2023-12-18 20:12:465 INFO  ProductPage :40 - Get product name from : [[ChromeDriver: chrome on windows (de6eb63c6e8a01b1535ff961ed19999e)] -> css selector: div[id='content'] h1]
2023-12-18 20:12:746 INFO  ProductPage :53 - clear field : [[ChromeDriver: chrome on windows (de6eb63c6e8a01b1535ff961ed19999e)] -> name: quantity]
2023-12-18 20:12:842 INFO  ProductPage :55 - Enter Qty : [[ChromeDriver: chrome on windows (de6eb63c6e8a01b1535ff961ed19999e)] -> name: quantity] in Qty field [[ChromeDriver: chrome on windows (de6eb63c6e8a01b1535ff961ed19999e)] -> name: quantity]
2023-12-18 20:12:991 INFO  ProductPage :60 - Clicking Add to cart button : [[ChromeDriver: chrome on windows (de6eb63c6e8a01b1535ff961ed19999e)] -> xpath: //button[@id='button-cart']]
2023-12-18 20:12:341 INFO  ProductPage :65 - Get success message from : [[ChromeDriver: chrome on windows (de6eb63c6e8a01b1535ff961ed19999e)] -> xpath: //div[@class='alert alert-success alert-dismissible']]
2023-12-18 20:12:543 INFO  HomePage :106 - Clicking on dropdown from : [[ChromeDriver: chrome on windows (13a9abf82d674789e1258ace32e00da4)] -> xpath: //button[@class='btn btn-link dropdown-toggle']]
2023-12-18 20:12:655 INFO  HomePage :111 - Clicking on sterling from dropdown : [[ChromeDriver: chrome on windows (13a9abf82d674789e1258ace32e00da4)] -> xpath: (//button[normalize-space()='£Pound Sterling'])[1]]
2023-12-18 20:12:994 INFO  HomePage :73 - Clicking on desktop from : [[ChromeDriver: chrome on windows (13a9abf82d674789e1258ace32e00da4)] -> link text: Desktops]
2023-12-18 20:12:611 INFO  HomePage :57 - Select menu from : Show AllDesktops[[ChromeDriver: chrome on windows (13a9abf82d674789e1258ace32e00da4)] -> link text: Show AllDesktops]
2023-12-18 20:12:903 INFO  DesktopsPage :68 - Select sortBy Name (A - Z) in ascending order [[ChromeDriver: chrome on windows (13a9abf82d674789e1258ace32e00da4)] -> xpath: //select[@id='input-sort']]
2023-12-18 20:12:257 INFO  ProductPage :40 - Get product name from : [[ChromeDriver: chrome on windows (13a9abf82d674789e1258ace32e00da4)] -> css selector: div[id='content'] h1]
2023-12-18 20:12:553 INFO  ProductPage :53 - clear field : [[ChromeDriver: chrome on windows (13a9abf82d674789e1258ace32e00da4)] -> name: quantity]
2023-12-18 20:12:623 INFO  ProductPage :55 - Enter Qty : [[ChromeDriver: chrome on windows (13a9abf82d674789e1258ace32e00da4)] -> name: quantity] in Qty field [[ChromeDriver: chrome on windows (13a9abf82d674789e1258ace32e00da4)] -> name: quantity]
2023-12-18 20:12:771 INFO  ProductPage :60 - Clicking Add to cart button : [[ChromeDriver: chrome on windows (13a9abf82d674789e1258ace32e00da4)] -> xpath: //button[@id='button-cart']]
2023-12-18 20:12:173 INFO  ProductPage :65 - Get success message from : [[ChromeDriver: chrome on windows (13a9abf82d674789e1258ace32e00da4)] -> xpath: //div[@class='alert alert-success alert-dismissible']]
2023-12-18 20:12:501 INFO  HomePage :106 - Clicking on dropdown from : [[ChromeDriver: chrome on windows (76c90204573609f2aa70fc6e6c42e8e5)] -> xpath: //button[@class='btn btn-link dropdown-toggle']]
2023-12-18 20:12:784 INFO  HomePage :111 - Clicking on sterling from dropdown : [[ChromeDriver: chrome on windows (76c90204573609f2aa70fc6e6c42e8e5)] -> xpath: (//button[normalize-space()='£Pound Sterling'])[1]]
2023-12-18 20:12:17 INFO  HomePage :73 - Clicking on desktop from : [[ChromeDriver: chrome on windows (76c90204573609f2aa70fc6e6c42e8e5)] -> link text: Desktops]
2023-12-18 20:12:149 INFO  HomePage :57 - Select menu from : Show AllDesktops[[ChromeDriver: chrome on windows (76c90204573609f2aa70fc6e6c42e8e5)] -> link text: Show AllDesktops]
2023-12-18 20:12:854 INFO  DesktopsPage :68 - Select sortBy Name (A - Z) in ascending order [[ChromeDriver: chrome on windows (76c90204573609f2aa70fc6e6c42e8e5)] -> xpath: //select[@id='input-sort']]
2023-12-18 20:12:267 INFO  ProductPage :40 - Get product name from : [[ChromeDriver: chrome on windows (76c90204573609f2aa70fc6e6c42e8e5)] -> css selector: div[id='content'] h1]
2023-12-18 20:12:569 INFO  ProductPage :53 - clear field : [[ChromeDriver: chrome on windows (76c90204573609f2aa70fc6e6c42e8e5)] -> name: quantity]
2023-12-18 20:12:639 INFO  ProductPage :55 - Enter Qty : [[ChromeDriver: chrome on windows (76c90204573609f2aa70fc6e6c42e8e5)] -> name: quantity] in Qty field [[ChromeDriver: chrome on windows (76c90204573609f2aa70fc6e6c42e8e5)] -> name: quantity]
2023-12-18 20:12:773 INFO  ProductPage :60 - Clicking Add to cart button : [[ChromeDriver: chrome on windows (76c90204573609f2aa70fc6e6c42e8e5)] -> xpath: //button[@id='button-cart']]
2023-12-18 20:12:207 INFO  ProductPage :65 - Get success message from : [[ChromeDriver: chrome on windows (76c90204573609f2aa70fc6e6c42e8e5)] -> xpath: //div[@class='alert alert-success alert-dismissible']]
2023-12-18 20:12:655 INFO  HomePage :106 - Clicking on dropdown from : [[ChromeDriver: chrome on windows (940d83dc7a2a597a314d9c0f777e16a7)] -> xpath: //button[@class='btn btn-link dropdown-toggle']]
2023-12-18 20:12:825 INFO  HomePage :111 - Clicking on sterling from dropdown : [[ChromeDriver: chrome on windows (940d83dc7a2a597a314d9c0f777e16a7)] -> xpath: (//button[normalize-space()='£Pound Sterling'])[1]]
2023-12-18 20:12:58 INFO  HomePage :73 - Clicking on desktop from : [[ChromeDriver: chrome on windows (940d83dc7a2a597a314d9c0f777e16a7)] -> link text: Desktops]
2023-12-18 20:12:911 INFO  HomePage :57 - Select menu from : Show AllDesktops[[ChromeDriver: chrome on windows (940d83dc7a2a597a314d9c0f777e16a7)] -> link text: Show AllDesktops]
2023-12-18 20:12:623 INFO  DesktopsPage :68 - Select sortBy Name (A - Z) in ascending order [[ChromeDriver: chrome on windows (940d83dc7a2a597a314d9c0f777e16a7)] -> xpath: //select[@id='input-sort']]
2023-12-18 20:12:928 INFO  ProductPage :40 - Get product name from : [[ChromeDriver: chrome on windows (940d83dc7a2a597a314d9c0f777e16a7)] -> css selector: div[id='content'] h1]
2023-12-18 20:12:168 INFO  ProductPage :53 - clear field : [[ChromeDriver: chrome on windows (940d83dc7a2a597a314d9c0f777e16a7)] -> name: quantity]
2023-12-18 20:12:232 INFO  ProductPage :55 - Enter Qty : [[ChromeDriver: chrome on windows (940d83dc7a2a597a314d9c0f777e16a7)] -> name: quantity] in Qty field [[ChromeDriver: chrome on windows (940d83dc7a2a597a314d9c0f777e16a7)] -> name: quantity]
2023-12-18 20:12:363 INFO  ProductPage :60 - Clicking Add to cart button : [[ChromeDriver: chrome on windows (940d83dc7a2a597a314d9c0f777e16a7)] -> xpath: //button[@id='button-cart']]
2023-12-18 20:12:682 INFO  ProductPage :65 - Get success message from : [[ChromeDriver: chrome on windows (940d83dc7a2a597a314d9c0f777e16a7)] -> xpath: //div[@class='alert alert-success alert-dismissible']]
2023-12-18 20:12:670 INFO  HomePage :106 - Clicking on dropdown from : [[ChromeDriver: chrome on windows (85063c304d5906d8535103e63add2ba6)] -> xpath: //button[@class='btn btn-link dropdown-toggle']]
2023-12-18 20:12:815 INFO  HomePage :111 - Clicking on sterling from dropdown : [[ChromeDriver: chrome on windows (85063c304d5906d8535103e63add2ba6)] -> xpath: (//button[normalize-space()='£Pound Sterling'])[1]]
2023-12-18 20:12:69 INFO  HomePage :73 - Clicking on desktop from : [[ChromeDriver: chrome on windows (85063c304d5906d8535103e63add2ba6)] -> link text: Desktops]
2023-12-18 20:12:653 INFO  HomePage :57 - Select menu from : Show AllDesktops[[ChromeDriver: chrome on windows (85063c304d5906d8535103e63add2ba6)] -> link text: Show AllDesktops]
2023-12-18 20:12:743 INFO  DesktopsPage :68 - Select sortBy Name (A - Z) in ascending order [[ChromeDriver: chrome on windows (85063c304d5906d8535103e63add2ba6)] -> xpath: //select[@id='input-sort']]
2023-12-18 20:12:397 INFO  ProductPage :40 - Get product name from : [[ChromeDriver: chrome on windows (85063c304d5906d8535103e63add2ba6)] -> css selector: div[id='content'] h1]
2023-12-18 20:12:718 INFO  ProductPage :53 - clear field : [[ChromeDriver: chrome on windows (85063c304d5906d8535103e63add2ba6)] -> name: quantity]
2023-12-18 20:12:854 INFO  ProductPage :55 - Enter Qty : [[ChromeDriver: chrome on windows (85063c304d5906d8535103e63add2ba6)] -> name: quantity] in Qty field [[ChromeDriver: chrome on windows (85063c304d5906d8535103e63add2ba6)] -> name: quantity]
2023-12-18 20:12:982 INFO  ProductPage :60 - Clicking Add to cart button : [[ChromeDriver: chrome on windows (85063c304d5906d8535103e63add2ba6)] -> xpath: //button[@id='button-cart']]
2023-12-18 20:12:474 INFO  ProductPage :65 - Get success message from : [[ChromeDriver: chrome on windows (85063c304d5906d8535103e63add2ba6)] -> xpath: //div[@class='alert alert-success alert-dismissible']]
2023-12-18 20:12:168 INFO  ProductPage :71 - Clicking shopping cart button : [[ChromeDriver: chrome on windows (85063c304d5906d8535103e63add2ba6)] -> xpath: //a[normalize-space()='shopping cart']]
2023-12-18 20:12:257 INFO  ShoppingCartPage :74 - Get Shopping cart text : [[ChromeDriver: chrome on windows (85063c304d5906d8535103e63add2ba6)] -> xpath: //h1[contains(text(),'Shopping Cart')]]
2023-12-18 21:12:534 INFO  HomePage :106 - Clicking on dropdown from : [[ChromeDriver: chrome on windows (0b2a485d93e772d0046e62e3beba1da1)] -> xpath: //button[@class='btn btn-link dropdown-toggle']]
2023-12-18 21:12:524 INFO  HomePage :111 - Clicking on sterling from dropdown : [[ChromeDriver: chrome on windows (0b2a485d93e772d0046e62e3beba1da1)] -> xpath: (//button[normalize-space()='£Pound Sterling'])[1]]
2023-12-18 21:12:750 INFO  HomePage :73 - Clicking on desktop from : [[ChromeDriver: chrome on windows (0b2a485d93e772d0046e62e3beba1da1)] -> link text: Desktops]
2023-12-18 21:12:982 INFO  HomePage :57 - Select menu from : Show AllDesktops[[ChromeDriver: chrome on windows (0b2a485d93e772d0046e62e3beba1da1)] -> link text: Show AllDesktops]
2023-12-18 21:12:776 INFO  DesktopsPage :68 - Select sortBy Name (A - Z) in ascending order [[ChromeDriver: chrome on windows (0b2a485d93e772d0046e62e3beba1da1)] -> xpath: //select[@id='input-sort']]
2023-12-18 21:12:976 INFO  ProductPage :40 - Get product name from : [[ChromeDriver: chrome on windows (0b2a485d93e772d0046e62e3beba1da1)] -> css selector: div[id='content'] h1]
2023-12-18 21:12:230 INFO  ProductPage :53 - clear field : [[ChromeDriver: chrome on windows (0b2a485d93e772d0046e62e3beba1da1)] -> name: quantity]
2023-12-18 21:12:286 INFO  ProductPage :55 - Enter Qty : [[ChromeDriver: chrome on windows (0b2a485d93e772d0046e62e3beba1da1)] -> name: quantity] in Qty field [[ChromeDriver: chrome on windows (0b2a485d93e772d0046e62e3beba1da1)] -> name: quantity]
2023-12-18 21:12:389 INFO  ProductPage :60 - Clicking Add to cart button : [[ChromeDriver: chrome on windows (0b2a485d93e772d0046e62e3beba1da1)] -> xpath: //button[@id='button-cart']]
2023-12-18 21:12:721 INFO  ProductPage :65 - Get success message from : [[ChromeDriver: chrome on windows (0b2a485d93e772d0046e62e3beba1da1)] -> xpath: //div[@class='alert alert-success alert-dismissible']]
2023-12-18 21:12:284 INFO  ProductPage :71 - Clicking shopping cart button : [[ChromeDriver: chrome on windows (0b2a485d93e772d0046e62e3beba1da1)] -> xpath: //a[normalize-space()='shopping cart']]
2023-12-18 21:12:342 INFO  ShoppingCartPage :80 - Get product name : [[ChromeDriver: chrome on windows (0b2a485d93e772d0046e62e3beba1da1)] -> css selector: body > div:nth-child(4) > div:nth-child(3) > div:nth-child(1) > form:nth-child(2) > div:nth-child(1) > table:nth-child(1) > tbody:nth-child(2) > tr:nth-child(1) > td:nth-child(2) > a:nth-child(1)]
2023-12-18 21:12:334 INFO  HomePage :106 - Clicking on dropdown from : [[ChromeDriver: chrome on windows (f1058692104171eeb77f601e46e564c8)] -> xpath: //button[@class='btn btn-link dropdown-toggle']]
2023-12-18 21:12:632 INFO  HomePage :111 - Clicking on sterling from dropdown : [[ChromeDriver: chrome on windows (f1058692104171eeb77f601e46e564c8)] -> xpath: (//button[normalize-space()='£Pound Sterling'])[1]]
2023-12-18 21:12:893 INFO  HomePage :73 - Clicking on desktop from : [[ChromeDriver: chrome on windows (f1058692104171eeb77f601e46e564c8)] -> link text: Desktops]
2023-12-18 21:12:578 INFO  HomePage :57 - Select menu from : Show AllDesktops[[ChromeDriver: chrome on windows (f1058692104171eeb77f601e46e564c8)] -> link text: Show AllDesktops]
2023-12-18 21:12:348 INFO  DesktopsPage :68 - Select sortBy Name (A - Z) in ascending order [[ChromeDriver: chrome on windows (f1058692104171eeb77f601e46e564c8)] -> xpath: //select[@id='input-sort']]
2023-12-18 21:12:93 INFO  ProductPage :40 - Get product name from : [[ChromeDriver: chrome on windows (f1058692104171eeb77f601e46e564c8)] -> css selector: div[id='content'] h1]
2023-12-18 21:12:320 INFO  ProductPage :53 - clear field : [[ChromeDriver: chrome on windows (f1058692104171eeb77f601e46e564c8)] -> name: quantity]
2023-12-18 21:12:393 INFO  ProductPage :55 - Enter Qty : [[ChromeDriver: chrome on windows (f1058692104171eeb77f601e46e564c8)] -> name: quantity] in Qty field [[ChromeDriver: chrome on windows (f1058692104171eeb77f601e46e564c8)] -> name: quantity]
2023-12-18 21:12:494 INFO  ProductPage :60 - Clicking Add to cart button : [[ChromeDriver: chrome on windows (f1058692104171eeb77f601e46e564c8)] -> xpath: //button[@id='button-cart']]
2023-12-18 21:12:817 INFO  ProductPage :65 - Get success message from : [[ChromeDriver: chrome on windows (f1058692104171eeb77f601e46e564c8)] -> xpath: //div[@class='alert alert-success alert-dismissible']]
2023-12-18 21:12:703 INFO  ProductPage :71 - Clicking shopping cart button : [[ChromeDriver: chrome on windows (f1058692104171eeb77f601e46e564c8)] -> xpath: //a[normalize-space()='shopping cart']]
2023-12-18 21:12:786 INFO  ShoppingCartPage :80 - Get product name : [[ChromeDriver: chrome on windows (f1058692104171eeb77f601e46e564c8)] -> css selector: body > div:nth-child(4) > div:nth-child(3) > div:nth-child(1) > form:nth-child(2) > div:nth-child(1) > table:nth-child(1) > tbody:nth-child(2) > tr:nth-child(1) > td:nth-child(2) > a:nth-child(1)]
2023-12-18 21:12:370 INFO  HomePage :106 - Clicking on dropdown from : [[ChromeDriver: chrome on windows (859b79dcb179f201a333f304b4087ae2)] -> xpath: //button[@class='btn btn-link dropdown-toggle']]
2023-12-18 21:12:361 INFO  HomePage :111 - Clicking on sterling from dropdown : [[ChromeDriver: chrome on windows (859b79dcb179f201a333f304b4087ae2)] -> xpath: (//button[normalize-space()='£Pound Sterling'])[1]]
2023-12-18 21:12:595 INFO  HomePage :73 - Clicking on desktop from : [[ChromeDriver: chrome on windows (859b79dcb179f201a333f304b4087ae2)] -> link text: Desktops]
2023-12-18 21:12:299 INFO  HomePage :57 - Select menu from : Show AllDesktops[[ChromeDriver: chrome on windows (859b79dcb179f201a333f304b4087ae2)] -> link text: Show AllDesktops]
2023-12-18 21:12:656 INFO  DesktopsPage :68 - Select sortBy Name (A - Z) in ascending order [[ChromeDriver: chrome on windows (859b79dcb179f201a333f304b4087ae2)] -> xpath: //select[@id='input-sort']]
2023-12-18 21:12:804 INFO  ProductPage :40 - Get product name from : [[ChromeDriver: chrome on windows (859b79dcb179f201a333f304b4087ae2)] -> css selector: div[id='content'] h1]
2023-12-18 21:12:31 INFO  ProductPage :53 - clear field : [[ChromeDriver: chrome on windows (859b79dcb179f201a333f304b4087ae2)] -> name: quantity]
2023-12-18 21:12:106 INFO  ProductPage :55 - Enter Qty : [[ChromeDriver: chrome on windows (859b79dcb179f201a333f304b4087ae2)] -> name: quantity] in Qty field [[ChromeDriver: chrome on windows (859b79dcb179f201a333f304b4087ae2)] -> name: quantity]
2023-12-18 21:12:209 INFO  ProductPage :60 - Clicking Add to cart button : [[ChromeDriver: chrome on windows (859b79dcb179f201a333f304b4087ae2)] -> xpath: //button[@id='button-cart']]
2023-12-18 21:12:553 INFO  ProductPage :65 - Get success message from : [[ChromeDriver: chrome on windows (859b79dcb179f201a333f304b4087ae2)] -> xpath: //div[@class='alert alert-success alert-dismissible']]
2023-12-18 21:12:494 INFO  ProductPage :71 - Clicking shopping cart button : [[ChromeDriver: chrome on windows (859b79dcb179f201a333f304b4087ae2)] -> xpath: //a[normalize-space()='shopping cart']]
2023-12-18 21:12:549 INFO  ShoppingCartPage :80 - Get product name : [[ChromeDriver: chrome on windows (859b79dcb179f201a333f304b4087ae2)] -> css selector: body > div:nth-child(4) > div:nth-child(3) > div:nth-child(1) > form:nth-child(2) > div:nth-child(1) > table:nth-child(1) > tbody:nth-child(2) > tr:nth-child(1) > td:nth-child(2) > a:nth-child(1)]
2023-12-18 21:12:20 INFO  HomePage :106 - Clicking on dropdown from : [[ChromeDriver: chrome on windows (a7c6a654d37e7da46908458ade165481)] -> xpath: //button[@class='btn btn-link dropdown-toggle']]
2023-12-18 21:12:291 INFO  HomePage :111 - Clicking on sterling from dropdown : [[ChromeDriver: chrome on windows (a7c6a654d37e7da46908458ade165481)] -> xpath: (//button[normalize-space()='£Pound Sterling'])[1]]
2023-12-18 21:12:624 INFO  HomePage :73 - Clicking on desktop from : [[ChromeDriver: chrome on windows (a7c6a654d37e7da46908458ade165481)] -> link text: Desktops]
2023-12-18 21:12:102 INFO  HomePage :57 - Select menu from : Show AllDesktops[[ChromeDriver: chrome on windows (a7c6a654d37e7da46908458ade165481)] -> link text: Show AllDesktops]
2023-12-18 21:12:157 INFO  DesktopsPage :68 - Select sortBy Name (A - Z) in ascending order [[ChromeDriver: chrome on windows (a7c6a654d37e7da46908458ade165481)] -> xpath: //select[@id='input-sort']]
2023-12-18 21:12:645 INFO  ProductPage :40 - Get product name from : [[ChromeDriver: chrome on windows (a7c6a654d37e7da46908458ade165481)] -> css selector: div[id='content'] h1]
2023-12-18 21:12:361 INFO  ProductPage :53 - clear field : [[ChromeDriver: chrome on windows (a7c6a654d37e7da46908458ade165481)] -> name: quantity]
2023-12-18 21:12:465 INFO  ProductPage :55 - Enter Qty : [[ChromeDriver: chrome on windows (a7c6a654d37e7da46908458ade165481)] -> name: quantity] in Qty field [[ChromeDriver: chrome on windows (a7c6a654d37e7da46908458ade165481)] -> name: quantity]
2023-12-18 21:12:630 INFO  ProductPage :60 - Clicking Add to cart button : [[ChromeDriver: chrome on windows (a7c6a654d37e7da46908458ade165481)] -> xpath: //button[@id='button-cart']]
2023-12-18 21:12:56 INFO  ProductPage :65 - Get success message from : [[ChromeDriver: chrome on windows (a7c6a654d37e7da46908458ade165481)] -> xpath: //div[@class='alert alert-success alert-dismissible']]
2023-12-18 21:12:876 INFO  ProductPage :71 - Clicking shopping cart button : [[ChromeDriver: chrome on windows (a7c6a654d37e7da46908458ade165481)] -> xpath: //a[normalize-space()='shopping cart']]
2023-12-18 21:12:37 INFO  ShoppingCartPage :79 - Get product name : [[ChromeDriver: chrome on windows (a7c6a654d37e7da46908458ade165481)] -> xpath: //div[@class = 'table-responsive']/table/tbody/tr/td[2]/a]
2023-12-18 21:12:87 INFO  ShoppingCartPage :91 - Get model : [[ChromeDriver: chrome on windows (a7c6a654d37e7da46908458ade165481)] -> xpath: //div[@class = 'table-responsive']/table/tbody/tr/td[3]]
2023-12-18 21:12:840 INFO  HomePage :106 - Clicking on dropdown from : [[ChromeDriver: chrome on windows (8b1a54e808e1842f1afd5eff3c32fd2a)] -> xpath: //button[@class='btn btn-link dropdown-toggle']]
2023-12-18 21:12:431 INFO  HomePage :111 - Clicking on sterling from dropdown : [[ChromeDriver: chrome on windows (8b1a54e808e1842f1afd5eff3c32fd2a)] -> xpath: (//button[normalize-space()='£Pound Sterling'])[1]]
2023-12-18 21:12:912 INFO  HomePage :73 - Clicking on desktop from : [[ChromeDriver: chrome on windows (8b1a54e808e1842f1afd5eff3c32fd2a)] -> link text: Desktops]
2023-12-18 21:12:824 INFO  HomePage :57 - Select menu from : Show AllDesktops[[ChromeDriver: chrome on windows (8b1a54e808e1842f1afd5eff3c32fd2a)] -> link text: Show AllDesktops]
2023-12-18 21:12:929 INFO  DesktopsPage :68 - Select sortBy Name (A - Z) in ascending order [[ChromeDriver: chrome on windows (8b1a54e808e1842f1afd5eff3c32fd2a)] -> xpath: //select[@id='input-sort']]
2023-12-18 21:12:337 INFO  ProductPage :40 - Get product name from : [[ChromeDriver: chrome on windows (8b1a54e808e1842f1afd5eff3c32fd2a)] -> css selector: div[id='content'] h1]
2023-12-18 21:12:776 INFO  ProductPage :53 - clear field : [[ChromeDriver: chrome on windows (8b1a54e808e1842f1afd5eff3c32fd2a)] -> name: quantity]
2023-12-18 21:12:894 INFO  ProductPage :55 - Enter Qty : [[ChromeDriver: chrome on windows (8b1a54e808e1842f1afd5eff3c32fd2a)] -> name: quantity] in Qty field [[ChromeDriver: chrome on windows (8b1a54e808e1842f1afd5eff3c32fd2a)] -> name: quantity]
2023-12-18 21:12:124 INFO  ProductPage :60 - Clicking Add to cart button : [[ChromeDriver: chrome on windows (8b1a54e808e1842f1afd5eff3c32fd2a)] -> xpath: //button[@id='button-cart']]
2023-12-18 21:12:473 INFO  ProductPage :65 - Get success message from : [[ChromeDriver: chrome on windows (8b1a54e808e1842f1afd5eff3c32fd2a)] -> xpath: //div[@class='alert alert-success alert-dismissible']]
2023-12-18 21:12:151 INFO  ProductPage :71 - Clicking shopping cart button : [[ChromeDriver: chrome on windows (8b1a54e808e1842f1afd5eff3c32fd2a)] -> xpath: //a[normalize-space()='shopping cart']]
2023-12-18 21:12:368 INFO  ShoppingCartPage :79 - Get product name : [[ChromeDriver: chrome on windows (8b1a54e808e1842f1afd5eff3c32fd2a)] -> xpath: //div[@class = 'table-responsive']/table/tbody/tr/td[2]/a]
2023-12-18 21:12:486 INFO  ShoppingCartPage :91 - Get model : [[ChromeDriver: chrome on windows (8b1a54e808e1842f1afd5eff3c32fd2a)] -> xpath: //div[@class = 'table-responsive']/table/tbody/tr/td[3]]
2023-12-18 21:12:568 INFO  ShoppingCartPage :97 - Get total : [[ChromeDriver: chrome on windows (8b1a54e808e1842f1afd5eff3c32fd2a)] -> xpath: //div[@class = 'table-responsive']/table/tbody/tr/td[6]]
2023-12-18 21:12:497 INFO  HomePage :106 - Clicking on dropdown from : [[ChromeDriver: chrome on windows (613a7e408d8babcdad2ae1e922f334b5)] -> xpath: //button[@class='btn btn-link dropdown-toggle']]
2023-12-18 21:12:211 INFO  HomePage :111 - Clicking on sterling from dropdown : [[ChromeDriver: chrome on windows (613a7e408d8babcdad2ae1e922f334b5)] -> xpath: (//button[normalize-space()='£Pound Sterling'])[1]]
2023-12-18 21:12:708 INFO  HomePage :73 - Clicking on desktop from : [[ChromeDriver: chrome on windows (613a7e408d8babcdad2ae1e922f334b5)] -> link text: Desktops]
2023-12-18 21:12:534 INFO  HomePage :57 - Select menu from : Show AllDesktops[[ChromeDriver: chrome on windows (613a7e408d8babcdad2ae1e922f334b5)] -> link text: Show AllDesktops]
2023-12-18 21:12:474 INFO  DesktopsPage :68 - Select sortBy Name (A - Z) in ascending order [[ChromeDriver: chrome on windows (613a7e408d8babcdad2ae1e922f334b5)] -> xpath: //select[@id='input-sort']]
2023-12-18 21:12:908 INFO  ProductPage :40 - Get product name from : [[ChromeDriver: chrome on windows (613a7e408d8babcdad2ae1e922f334b5)] -> css selector: div[id='content'] h1]
2023-12-18 21:12:382 INFO  ProductPage :53 - clear field : [[ChromeDriver: chrome on windows (613a7e408d8babcdad2ae1e922f334b5)] -> name: quantity]
2023-12-18 21:12:466 INFO  ProductPage :55 - Enter Qty : [[ChromeDriver: chrome on windows (613a7e408d8babcdad2ae1e922f334b5)] -> name: quantity] in Qty field [[ChromeDriver: chrome on windows (613a7e408d8babcdad2ae1e922f334b5)] -> name: quantity]
2023-12-18 21:12:634 INFO  ProductPage :60 - Clicking Add to cart button : [[ChromeDriver: chrome on windows (613a7e408d8babcdad2ae1e922f334b5)] -> xpath: //button[@id='button-cart']]
2023-12-18 21:12:481 INFO  ProductPage :65 - Get success message from : [[ChromeDriver: chrome on windows (613a7e408d8babcdad2ae1e922f334b5)] -> xpath: //div[@class='alert alert-success alert-dismissible']]
2023-12-18 21:12:94 INFO  ProductPage :71 - Clicking shopping cart button : [[ChromeDriver: chrome on windows (613a7e408d8babcdad2ae1e922f334b5)] -> xpath: //a[normalize-space()='shopping cart']]
2023-12-18 21:12:188 INFO  ShoppingCartPage :79 - Get product name : [[ChromeDriver: chrome on windows (613a7e408d8babcdad2ae1e922f334b5)] -> xpath: //div[@class = 'table-responsive']/table/tbody/tr/td[2]/a]
2023-12-18 21:12:257 INFO  ShoppingCartPage :91 - Get model : [[ChromeDriver: chrome on windows (613a7e408d8babcdad2ae1e922f334b5)] -> xpath: //div[@class = 'table-responsive']/table/tbody/tr/td[3]]
2023-12-18 21:12:335 INFO  ShoppingCartPage :97 - Get total : [[ChromeDriver: chrome on windows (613a7e408d8babcdad2ae1e922f334b5)] -> xpath: //div[@class = 'table-responsive']/table/tbody/tr/td[6]]
2023-12-19 20:12:502 INFO  HomePage :84 - Clicking on laptop and notebook from : [[ChromeDriver: chrome on windows (096be13efe5b4fb0cb2c56b621a96db7)] -> xpath: //a[normalize-space()='Laptops & Notebooks']]
2023-12-19 20:12:772 INFO  HomePage :57 - Select menu from : Show AllLaptops & Notebooks[[ChromeDriver: chrome on windows (096be13efe5b4fb0cb2c56b621a96db7)] -> link text: Show AllLaptops & Notebooks]
2023-12-19 20:12:529 INFO  LaptopAndBooksPage :32 - select text : Price (High > Low) from dropdown [[ChromeDriver: chrome on windows (096be13efe5b4fb0cb2c56b621a96db7)] -> xpath: (//select[@id='input-sort'])[1]]
2023-12-19 20:12:575 INFO  LaptopAndBooksPage :34 - get array list : [[ChromeDriver: chrome on windows (096be13efe5b4fb0cb2c56b621a96db7)] -> xpath: //p[@class ='price']]
2023-12-19 20:12:607 INFO  LaptopAndBooksPage :40 - Get products arrangement in high to low order : [[ChromeDriver: chrome on windows (096be13efe5b4fb0cb2c56b621a96db7)] -> xpath: //p[@class ='price']]
2023-12-19 20:12:628 INFO  HomePage :106 - Clicking on dropdown from : [[ChromeDriver: chrome on windows (6ac76bca8530c47c74316fc1a6baaea3)] -> xpath: //button[@class='btn btn-link dropdown-toggle']]
2023-12-19 20:12:512 INFO  HomePage :111 - Clicking on sterling from dropdown : [[ChromeDriver: chrome on windows (6ac76bca8530c47c74316fc1a6baaea3)] -> xpath: (//button[normalize-space()='£Pound Sterling'])[1]]
2023-12-19 20:12:667 INFO  HomePage :84 - Clicking on laptop and notebook from : [[ChromeDriver: chrome on windows (6ac76bca8530c47c74316fc1a6baaea3)] -> xpath: //a[normalize-space()='Laptops & Notebooks']]
2023-12-19 20:12:485 INFO  HomePage :57 - Select menu from : Show AllLaptops & Notebooks[[ChromeDriver: chrome on windows (6ac76bca8530c47c74316fc1a6baaea3)] -> link text: Show AllLaptops & Notebooks]
2023-12-19 20:12:996 INFO  LaptopAndBooksPage :32 - select text : Price (High > Low) from dropdown [[ChromeDriver: chrome on windows (6ac76bca8530c47c74316fc1a6baaea3)] -> xpath: (//select[@id='input-sort'])[1]]
2023-12-19 20:12:26 INFO  LaptopAndBooksPage :34 - get array list : [[ChromeDriver: chrome on windows (6ac76bca8530c47c74316fc1a6baaea3)] -> xpath: //p[@class ='price']]
2023-12-19 20:12:40 INFO  LaptopAndBooksPage :51 - Clicking on product from : [[ChromeDriver: chrome on windows (6ac76bca8530c47c74316fc1a6baaea3)] -> link text: MacBook]
2023-12-19 20:12:68 INFO  MacBookPage :31 - Get Mac Book text : [[ChromeDriver: chrome on windows (6ac76bca8530c47c74316fc1a6baaea3)] -> xpath: //h1[normalize-space()='MacBook']]
2023-12-19 20:12:108 INFO  MacBookPage :37 - Clicking on add to cart from : [[ChromeDriver: chrome on windows (6ac76bca8530c47c74316fc1a6baaea3)] -> xpath: //button[@id='button-cart']]
2023-12-19 20:12:455 INFO  MacBookPage :42 - Get adding cart successfully message : [[ChromeDriver: chrome on windows (6ac76bca8530c47c74316fc1a6baaea3)] -> xpath: //div[@class='alert alert-success alert-dismissible']]
2023-12-19 20:12:144 INFO  MacBookPage :48 - Clicking on shopping cart link : [[ChromeDriver: chrome on windows (6ac76bca8530c47c74316fc1a6baaea3)] -> xpath: //a[normalize-space()='shopping cart']]
2023-12-19 20:12:183 INFO  ShoppingCartPage :73 - Get Shopping cart text : [[ChromeDriver: chrome on windows (6ac76bca8530c47c74316fc1a6baaea3)] -> xpath: //h1[contains(text(),'Shopping Cart')]]
2023-12-19 20:12:206 INFO  ShoppingCartPage :103 - Get product name : [[ChromeDriver: chrome on windows (6ac76bca8530c47c74316fc1a6baaea3)] -> xpath: (//a[contains(text(),'MacBook')])[2]]
2023-12-19 20:12:289 INFO  ShoppingCartPage :109 - Clear text : [[ChromeDriver: chrome on windows (6ac76bca8530c47c74316fc1a6baaea3)] -> xpath: //input[@class='form-control']]
2023-12-19 20:12:318 INFO  ShoppingCartPage :114 - Enter qty : 2 in qty box [[ChromeDriver: chrome on windows (6ac76bca8530c47c74316fc1a6baaea3)] -> xpath: //input[@class='form-control']]
2023-12-19 20:12:54 INFO  ShoppingCartPage :119 - Clicking on update the box button : [[ChromeDriver: chrome on windows (6ac76bca8530c47c74316fc1a6baaea3)] -> xpath: (//button[@type='submit'])[1]]
2023-12-19 20:12:89 INFO  ShoppingCartPage :124 - Get success message : [[ChromeDriver: chrome on windows (6ac76bca8530c47c74316fc1a6baaea3)] -> xpath: //div[@class='alert alert-success alert-dismissible']]
2023-12-19 20:12:110 INFO  ShoppingCartPage :130 - Get total price : [[ChromeDriver: chrome on windows (6ac76bca8530c47c74316fc1a6baaea3)] -> xpath: (//td[contains(text(),'£737.45')])[3]]
2023-12-19 20:12:559 INFO  ShoppingCartPage :136 - Clicking check out button : [[ChromeDriver: chrome on windows (6ac76bca8530c47c74316fc1a6baaea3)] -> xpath: //a[@class='btn btn-primary']]
2023-12-19 20:12:596 INFO  CheckOutPage :88 - Get checkout text from : [[ChromeDriver: chrome on windows (6ac76bca8530c47c74316fc1a6baaea3)] -> xpath: //h1[normalize-space()='Checkout']]
2023-12-19 20:12:894 INFO  CheckOutPage :94 - Get new customer text from : [[ChromeDriver: chrome on windows (6ac76bca8530c47c74316fc1a6baaea3)] -> xpath: (//h2[normalize-space()='New Customer'])[1]]
2023-12-19 20:12:324 INFO  HomePage :73 - Clicking on desktop from : [[ChromeDriver: chrome on windows (2f4aa59db08b0fb422aa2576c5b08d38)] -> link text: Desktops]
2023-12-19 20:12:223 INFO  HomePage :57 - Select menu from : Show AllDesktops[[ChromeDriver: chrome on windows (2f4aa59db08b0fb422aa2576c5b08d38)] -> link text: Show AllDesktops]
2023-12-19 20:12:62 INFO  DesktopsPage :62 - Select sortBy Name (Z - A) in descending order [[ChromeDriver: chrome on windows (2f4aa59db08b0fb422aa2576c5b08d38)] -> xpath: //select[@id='input-sort']]
2023-12-19 20:12:342 INFO  DesktopsPage :56 - Get elements sorted in reverse order[[ChromeDriver: chrome on windows (2f4aa59db08b0fb422aa2576c5b08d38)] -> xpath: //select[@id='input-sort']]
2023-12-19 20:12:480 INFO  HomePage :106 - Clicking on dropdown from : [[ChromeDriver: chrome on windows (b4d5ab5a462a53e411b4c37d067d4bd3)] -> xpath: //button[@class='btn btn-link dropdown-toggle']]
2023-12-19 20:12:287 INFO  HomePage :111 - Clicking on sterling from dropdown : [[ChromeDriver: chrome on windows (b4d5ab5a462a53e411b4c37d067d4bd3)] -> xpath: (//button[normalize-space()='£Pound Sterling'])[1]]
2023-12-19 20:12:442 INFO  HomePage :73 - Clicking on desktop from : [[ChromeDriver: chrome on windows (b4d5ab5a462a53e411b4c37d067d4bd3)] -> link text: Desktops]
2023-12-19 20:12:843 INFO  HomePage :57 - Select menu from : Show AllDesktops[[ChromeDriver: chrome on windows (b4d5ab5a462a53e411b4c37d067d4bd3)] -> link text: Show AllDesktops]
2023-12-19 20:12:310 INFO  DesktopsPage :68 - Select sortBy Name (A - Z) in ascending order [[ChromeDriver: chrome on windows (b4d5ab5a462a53e411b4c37d067d4bd3)] -> xpath: //select[@id='input-sort']]
2023-12-19 20:12:354 INFO  ProductPage :40 - Get product name from : [[ChromeDriver: chrome on windows (b4d5ab5a462a53e411b4c37d067d4bd3)] -> css selector: div[id='content'] h1]
2023-12-19 20:12:435 INFO  ProductPage :53 - clear field : [[ChromeDriver: chrome on windows (b4d5ab5a462a53e411b4c37d067d4bd3)] -> name: quantity]
2023-12-19 20:12:458 INFO  ProductPage :55 - Enter Qty : [[ChromeDriver: chrome on windows (b4d5ab5a462a53e411b4c37d067d4bd3)] -> name: quantity] in Qty field [[ChromeDriver: chrome on windows (b4d5ab5a462a53e411b4c37d067d4bd3)] -> name: quantity]
2023-12-19 20:12:507 INFO  ProductPage :60 - Clicking Add to cart button : [[ChromeDriver: chrome on windows (b4d5ab5a462a53e411b4c37d067d4bd3)] -> xpath: //button[@id='button-cart']]
2023-12-19 20:12:817 INFO  ProductPage :65 - Get success message from : [[ChromeDriver: chrome on windows (b4d5ab5a462a53e411b4c37d067d4bd3)] -> xpath: //div[@class='alert alert-success alert-dismissible']]
2023-12-19 20:12:447 INFO  ProductPage :71 - Clicking shopping cart button : [[ChromeDriver: chrome on windows (b4d5ab5a462a53e411b4c37d067d4bd3)] -> xpath: //a[normalize-space()='shopping cart']]
2023-12-19 20:12:480 INFO  ShoppingCartPage :79 - Get product name : [[ChromeDriver: chrome on windows (b4d5ab5a462a53e411b4c37d067d4bd3)] -> xpath: //div[@class = 'table-responsive']/table/tbody/tr/td[2]/a]
2023-12-19 20:12:526 INFO  ShoppingCartPage :91 - Get model : [[ChromeDriver: chrome on windows (b4d5ab5a462a53e411b4c37d067d4bd3)] -> xpath: //div[@class = 'table-responsive']/table/tbody/tr/td[3]]
2023-12-19 20:12:558 INFO  ShoppingCartPage :97 - Get total : [[ChromeDriver: chrome on windows (b4d5ab5a462a53e411b4c37d067d4bd3)] -> xpath: //div[@class = 'table-responsive']/table/tbody/tr/td[6]]
2023-12-19 20:12:329 INFO  HomePage :106 - Clicking on dropdown from : [[ChromeDriver: chrome on windows (4fa2abaa2ad51b67f46bf2bb1e9c30b7)] -> xpath: //button[@class='btn btn-link dropdown-toggle']]
2023-12-19 20:12:400 INFO  HomePage :111 - Clicking on sterling from dropdown : [[ChromeDriver: chrome on windows (4fa2abaa2ad51b67f46bf2bb1e9c30b7)] -> xpath: (//button[normalize-space()='£Pound Sterling'])[1]]
2023-12-19 20:12:567 INFO  HomePage :73 - Clicking on desktop from : [[ChromeDriver: chrome on windows (4fa2abaa2ad51b67f46bf2bb1e9c30b7)] -> link text: Desktops]
2023-12-19 20:12:670 INFO  HomePage :57 - Select menu from : Show AllDesktops[[ChromeDriver: chrome on windows (4fa2abaa2ad51b67f46bf2bb1e9c30b7)] -> link text: Show AllDesktops]
2023-12-19 20:12:147 INFO  DesktopsPage :68 - Select sortBy Name (A - Z) in ascending order [[ChromeDriver: chrome on windows (4fa2abaa2ad51b67f46bf2bb1e9c30b7)] -> xpath: //select[@id='input-sort']]
2023-12-19 20:12:625 INFO  ProductPage :40 - Get product name from : [[ChromeDriver: chrome on windows (4fa2abaa2ad51b67f46bf2bb1e9c30b7)] -> css selector: div[id='content'] h1]
2023-12-19 20:12:730 INFO  ProductPage :53 - clear field : [[ChromeDriver: chrome on windows (4fa2abaa2ad51b67f46bf2bb1e9c30b7)] -> name: quantity]
2023-12-19 20:12:743 INFO  ProductPage :55 - Enter Qty : [[ChromeDriver: chrome on windows (4fa2abaa2ad51b67f46bf2bb1e9c30b7)] -> name: quantity] in Qty field [[ChromeDriver: chrome on windows (4fa2abaa2ad51b67f46bf2bb1e9c30b7)] -> name: quantity]
2023-12-19 20:12:800 INFO  ProductPage :60 - Clicking Add to cart button : [[ChromeDriver: chrome on windows (4fa2abaa2ad51b67f46bf2bb1e9c30b7)] -> xpath: //button[@id='button-cart']]
2023-12-19 20:12:298 INFO  ProductPage :65 - Get success message from : [[ChromeDriver: chrome on windows (4fa2abaa2ad51b67f46bf2bb1e9c30b7)] -> xpath: //div[@class='alert alert-success alert-dismissible']]
2023-12-19 20:12:663 INFO  ProductPage :71 - Clicking shopping cart button : [[ChromeDriver: chrome on windows (4fa2abaa2ad51b67f46bf2bb1e9c30b7)] -> xpath: //a[normalize-space()='shopping cart']]
2023-12-19 20:12:692 INFO  ShoppingCartPage :79 - Get product name : [[ChromeDriver: chrome on windows (4fa2abaa2ad51b67f46bf2bb1e9c30b7)] -> xpath: //div[@class = 'table-responsive']/table/tbody/tr/td[2]/a]
2023-12-19 20:12:741 INFO  ShoppingCartPage :91 - Get model : [[ChromeDriver: chrome on windows (4fa2abaa2ad51b67f46bf2bb1e9c30b7)] -> xpath: //div[@class = 'table-responsive']/table/tbody/tr/td[3]]
2023-12-19 20:12:775 INFO  ShoppingCartPage :97 - Get total : [[ChromeDriver: chrome on windows (4fa2abaa2ad51b67f46bf2bb1e9c30b7)] -> xpath: //div[@class = 'table-responsive']/table/tbody/tr/td[6]]
2023-12-19 20:12:341 INFO  HomePage :106 - Clicking on dropdown from : [[ChromeDriver: chrome on windows (a1a37faf23bb9ac7c8dda56ce29e4c64)] -> xpath: //button[@class='btn btn-link dropdown-toggle']]
2023-12-19 20:12:236 INFO  HomePage :111 - Clicking on sterling from dropdown : [[ChromeDriver: chrome on windows (a1a37faf23bb9ac7c8dda56ce29e4c64)] -> xpath: (//button[normalize-space()='£Pound Sterling'])[1]]
2023-12-19 20:12:417 INFO  HomePage :73 - Clicking on desktop from : [[ChromeDriver: chrome on windows (a1a37faf23bb9ac7c8dda56ce29e4c64)] -> link text: Desktops]
2023-12-19 20:12:722 INFO  HomePage :57 - Select menu from : Show AllDesktops[[ChromeDriver: chrome on windows (a1a37faf23bb9ac7c8dda56ce29e4c64)] -> link text: Show AllDesktops]
2023-12-19 20:12:561 INFO  DesktopsPage :68 - Select sortBy Name (A - Z) in ascending order [[ChromeDriver: chrome on windows (a1a37faf23bb9ac7c8dda56ce29e4c64)] -> xpath: //select[@id='input-sort']]
2023-12-19 20:12:701 INFO  ProductPage :40 - Get product name from : [[ChromeDriver: chrome on windows (a1a37faf23bb9ac7c8dda56ce29e4c64)] -> css selector: div[id='content'] h1]
2023-12-19 20:12:802 INFO  ProductPage :53 - clear field : [[ChromeDriver: chrome on windows (a1a37faf23bb9ac7c8dda56ce29e4c64)] -> name: quantity]
2023-12-19 20:12:825 INFO  ProductPage :55 - Enter Qty : [[ChromeDriver: chrome on windows (a1a37faf23bb9ac7c8dda56ce29e4c64)] -> name: quantity] in Qty field [[ChromeDriver: chrome on windows (a1a37faf23bb9ac7c8dda56ce29e4c64)] -> name: quantity]
2023-12-19 20:12:872 INFO  ProductPage :60 - Clicking Add to cart button : [[ChromeDriver: chrome on windows (a1a37faf23bb9ac7c8dda56ce29e4c64)] -> xpath: //button[@id='button-cart']]
2023-12-19 20:12:224 INFO  ProductPage :65 - Get success message from : [[ChromeDriver: chrome on windows (a1a37faf23bb9ac7c8dda56ce29e4c64)] -> xpath: //div[@class='alert alert-success alert-dismissible']]
2023-12-19 20:12:957 INFO  ProductPage :71 - Clicking shopping cart button : [[ChromeDriver: chrome on windows (a1a37faf23bb9ac7c8dda56ce29e4c64)] -> xpath: //a[normalize-space()='shopping cart']]
2023-12-19 20:12:983 INFO  ShoppingCartPage :79 - Get product name : [[ChromeDriver: chrome on windows (a1a37faf23bb9ac7c8dda56ce29e4c64)] -> xpath: //div[@class = 'table-responsive']/table/tbody/tr/td[2]/a]
2023-12-19 20:12:08 INFO  ShoppingCartPage :91 - Get model : [[ChromeDriver: chrome on windows (a1a37faf23bb9ac7c8dda56ce29e4c64)] -> xpath: //div[@class = 'table-responsive']/table/tbody/tr/td[3]]
2023-12-19 20:12:30 INFO  ShoppingCartPage :97 - Get total : [[ChromeDriver: chrome on windows (a1a37faf23bb9ac7c8dda56ce29e4c64)] -> xpath: //div[@class = 'table-responsive']/table/tbody/tr/td[6]]
2023-12-19 20:12:983 INFO  HomePage :106 - Clicking on dropdown from : [[ChromeDriver: chrome on windows (36c09d1d415d148670807b8dd8f61d4c)] -> xpath: //button[@class='btn btn-link dropdown-toggle']]
2023-12-19 20:12:857 INFO  HomePage :111 - Clicking on sterling from dropdown : [[ChromeDriver: chrome on windows (36c09d1d415d148670807b8dd8f61d4c)] -> xpath: (//button[normalize-space()='£Pound Sterling'])[1]]
2023-12-19 20:12:24 INFO  HomePage :73 - Clicking on desktop from : [[ChromeDriver: chrome on windows (36c09d1d415d148670807b8dd8f61d4c)] -> link text: Desktops]
2023-12-19 20:12:333 INFO  HomePage :57 - Select menu from : Show AllDesktops[[ChromeDriver: chrome on windows (36c09d1d415d148670807b8dd8f61d4c)] -> link text: Show AllDesktops]
2023-12-19 20:12:824 INFO  DesktopsPage :68 - Select sortBy Name (A - Z) in ascending order [[ChromeDriver: chrome on windows (36c09d1d415d148670807b8dd8f61d4c)] -> xpath: //select[@id='input-sort']]
2023-12-19 20:12:922 INFO  ProductPage :40 - Get product name from : [[ChromeDriver: chrome on windows (36c09d1d415d148670807b8dd8f61d4c)] -> css selector: div[id='content'] h1]
2023-12-19 20:12:13 INFO  ProductPage :53 - clear field : [[ChromeDriver: chrome on windows (36c09d1d415d148670807b8dd8f61d4c)] -> name: quantity]
2023-12-19 20:12:40 INFO  ProductPage :55 - Enter Qty : [[ChromeDriver: chrome on windows (36c09d1d415d148670807b8dd8f61d4c)] -> name: quantity] in Qty field [[ChromeDriver: chrome on windows (36c09d1d415d148670807b8dd8f61d4c)] -> name: quantity]
2023-12-19 20:12:81 INFO  ProductPage :60 - Clicking Add to cart button : [[ChromeDriver: chrome on windows (36c09d1d415d148670807b8dd8f61d4c)] -> xpath: //button[@id='button-cart']]
2023-12-19 20:12:392 INFO  ProductPage :65 - Get success message from : [[ChromeDriver: chrome on windows (36c09d1d415d148670807b8dd8f61d4c)] -> xpath: //div[@class='alert alert-success alert-dismissible']]
2023-12-19 20:12:146 INFO  ProductPage :71 - Clicking shopping cart button : [[ChromeDriver: chrome on windows (36c09d1d415d148670807b8dd8f61d4c)] -> xpath: //a[normalize-space()='shopping cart']]
2023-12-19 20:12:186 INFO  ShoppingCartPage :79 - Get product name : [[ChromeDriver: chrome on windows (36c09d1d415d148670807b8dd8f61d4c)] -> xpath: //div[@class = 'table-responsive']/table/tbody/tr/td[2]/a]
2023-12-19 20:12:212 INFO  ShoppingCartPage :91 - Get model : [[ChromeDriver: chrome on windows (36c09d1d415d148670807b8dd8f61d4c)] -> xpath: //div[@class = 'table-responsive']/table/tbody/tr/td[3]]
2023-12-19 20:12:229 INFO  ShoppingCartPage :97 - Get total : [[ChromeDriver: chrome on windows (36c09d1d415d148670807b8dd8f61d4c)] -> xpath: //div[@class = 'table-responsive']/table/tbody/tr/td[6]]
2023-12-19 20:12:119 INFO  HomePage :106 - Clicking on dropdown from : [[ChromeDriver: chrome on windows (b29a22fe94c2aef1093e8c4a62041261)] -> xpath: //button[@class='btn btn-link dropdown-toggle']]
2023-12-19 20:12:240 INFO  HomePage :111 - Clicking on sterling from dropdown : [[ChromeDriver: chrome on windows (b29a22fe94c2aef1093e8c4a62041261)] -> xpath: (//button[normalize-space()='£Pound Sterling'])[1]]
2023-12-19 20:12:393 INFO  HomePage :73 - Clicking on desktop from : [[ChromeDriver: chrome on windows (b29a22fe94c2aef1093e8c4a62041261)] -> link text: Desktops]
2023-12-19 20:12:876 INFO  HomePage :57 - Select menu from : Show AllDesktops[[ChromeDriver: chrome on windows (b29a22fe94c2aef1093e8c4a62041261)] -> link text: Show AllDesktops]
2023-12-19 20:12:339 INFO  DesktopsPage :68 - Select sortBy Name (A - Z) in ascending order [[ChromeDriver: chrome on windows (b29a22fe94c2aef1093e8c4a62041261)] -> xpath: //select[@id='input-sort']]
2023-12-19 20:12:627 INFO  ProductPage :40 - Get product name from : [[ChromeDriver: chrome on windows (b29a22fe94c2aef1093e8c4a62041261)] -> css selector: div[id='content'] h1]
2023-12-19 20:12:715 INFO  ProductPage :53 - clear field : [[ChromeDriver: chrome on windows (b29a22fe94c2aef1093e8c4a62041261)] -> name: quantity]
2023-12-19 20:12:729 INFO  ProductPage :55 - Enter Qty : [[ChromeDriver: chrome on windows (b29a22fe94c2aef1093e8c4a62041261)] -> name: quantity] in Qty field [[ChromeDriver: chrome on windows (b29a22fe94c2aef1093e8c4a62041261)] -> name: quantity]
2023-12-19 20:12:778 INFO  ProductPage :60 - Clicking Add to cart button : [[ChromeDriver: chrome on windows (b29a22fe94c2aef1093e8c4a62041261)] -> xpath: //button[@id='button-cart']]
2023-12-19 20:12:90 INFO  ProductPage :65 - Get success message from : [[ChromeDriver: chrome on windows (b29a22fe94c2aef1093e8c4a62041261)] -> xpath: //div[@class='alert alert-success alert-dismissible']]
2023-12-19 20:12:739 INFO  ProductPage :71 - Clicking shopping cart button : [[ChromeDriver: chrome on windows (b29a22fe94c2aef1093e8c4a62041261)] -> xpath: //a[normalize-space()='shopping cart']]
2023-12-19 20:12:774 INFO  ShoppingCartPage :79 - Get product name : [[ChromeDriver: chrome on windows (b29a22fe94c2aef1093e8c4a62041261)] -> xpath: //div[@class = 'table-responsive']/table/tbody/tr/td[2]/a]
2023-12-19 20:12:811 INFO  ShoppingCartPage :91 - Get model : [[ChromeDriver: chrome on windows (b29a22fe94c2aef1093e8c4a62041261)] -> xpath: //div[@class = 'table-responsive']/table/tbody/tr/td[3]]
2023-12-19 20:12:847 INFO  ShoppingCartPage :97 - Get total : [[ChromeDriver: chrome on windows (b29a22fe94c2aef1093e8c4a62041261)] -> xpath: //div[@class = 'table-responsive']/table/tbody/tr/td[6]]
2023-12-19 20:12:139 INFO  HomePage :106 - Clicking on dropdown from : [[ChromeDriver: chrome on windows (afe10f32365aa30fbd35b6efbdc31e39)] -> xpath: //button[@class='btn btn-link dropdown-toggle']]
2023-12-19 20:12:971 INFO  HomePage :111 - Clicking on sterling from dropdown : [[ChromeDriver: chrome on windows (afe10f32365aa30fbd35b6efbdc31e39)] -> xpath: (//button[normalize-space()='£Pound Sterling'])[1]]
2023-12-19 20:12:153 INFO  HomePage :73 - Clicking on desktop from : [[ChromeDriver: chrome on windows (afe10f32365aa30fbd35b6efbdc31e39)] -> link text: Desktops]
2023-12-19 20:12:787 INFO  HomePage :57 - Select menu from : Show AllDesktops[[ChromeDriver: chrome on windows (afe10f32365aa30fbd35b6efbdc31e39)] -> link text: Show AllDesktops]
2023-12-19 20:12:250 INFO  DesktopsPage :68 - Select sortBy Name (A - Z) in ascending order [[ChromeDriver: chrome on windows (afe10f32365aa30fbd35b6efbdc31e39)] -> xpath: //select[@id='input-sort']]
2023-12-19 20:12:891 INFO  ProductPage :40 - Get product name from : [[ChromeDriver: chrome on windows (afe10f32365aa30fbd35b6efbdc31e39)] -> css selector: div[id='content'] h1]
2023-12-19 20:12:993 INFO  ProductPage :53 - clear field : [[ChromeDriver: chrome on windows (afe10f32365aa30fbd35b6efbdc31e39)] -> name: quantity]
2023-12-19 20:12:14 INFO  ProductPage :55 - Enter Qty : [[ChromeDriver: chrome on windows (afe10f32365aa30fbd35b6efbdc31e39)] -> name: quantity] in Qty field [[ChromeDriver: chrome on windows (afe10f32365aa30fbd35b6efbdc31e39)] -> name: quantity]
2023-12-19 20:12:60 INFO  ProductPage :60 - Clicking Add to cart button : [[ChromeDriver: chrome on windows (afe10f32365aa30fbd35b6efbdc31e39)] -> xpath: //button[@id='button-cart']]
2023-12-19 20:12:434 INFO  ProductPage :65 - Get success message from : [[ChromeDriver: chrome on windows (afe10f32365aa30fbd35b6efbdc31e39)] -> xpath: //div[@class='alert alert-success alert-dismissible']]
2023-12-19 20:12:84 INFO  ProductPage :71 - Clicking shopping cart button : [[ChromeDriver: chrome on windows (afe10f32365aa30fbd35b6efbdc31e39)] -> xpath: //a[normalize-space()='shopping cart']]
2023-12-19 20:12:126 INFO  ShoppingCartPage :79 - Get product name : [[ChromeDriver: chrome on windows (afe10f32365aa30fbd35b6efbdc31e39)] -> xpath: //div[@class = 'table-responsive']/table/tbody/tr/td[2]/a]
2023-12-19 20:12:153 INFO  ShoppingCartPage :91 - Get model : [[ChromeDriver: chrome on windows (afe10f32365aa30fbd35b6efbdc31e39)] -> xpath: //div[@class = 'table-responsive']/table/tbody/tr/td[3]]
2023-12-19 20:12:174 INFO  ShoppingCartPage :97 - Get total : [[ChromeDriver: chrome on windows (afe10f32365aa30fbd35b6efbdc31e39)] -> xpath: //div[@class = 'table-responsive']/table/tbody/tr/td[6]]
2023-12-19 20:12:44 INFO  HomePage :116 - Clicking on account link : [[ChromeDriver: chrome on windows (ffcaccd05e3ce0a3244de0883bf835c1)] -> xpath: //span[normalize-space()='My Account']]
2023-12-19 20:12:659 INFO  MyAccountPage :92 - get array list : Register[[ChromeDriver: chrome on windows (ffcaccd05e3ce0a3244de0883bf835c1)] -> link text: Register]
2023-12-19 20:12:695 INFO  RegisterPage :62 - Get Register account text : [[ChromeDriver: chrome on windows (ffcaccd05e3ce0a3244de0883bf835c1)] -> xpath: //h1[normalize-space()='Register Account']]
2023-12-19 20:12:581 INFO  HomePage :116 - Clicking on account link : [[ChromeDriver: chrome on windows (fae043a1365ae3119fb7250e1e68290e)] -> xpath: //span[normalize-space()='My Account']]
2023-12-19 20:12:108 INFO  MyAccountPage :92 - get array list : Login[[ChromeDriver: chrome on windows (fae043a1365ae3119fb7250e1e68290e)] -> link text: Login]
2023-12-19 20:12:140 INFO  RegisterPage :68 - Get Register account text : [[ChromeDriver: chrome on windows (fae043a1365ae3119fb7250e1e68290e)] -> xpath: //h2[normalize-space()='Returning Customer']]
2023-12-19 20:12:65 INFO  HomePage :116 - Clicking on account link : [[ChromeDriver: chrome on windows (da73338252de5caa4fb30dae52794527)] -> xpath: //span[normalize-space()='My Account']]
2023-12-19 20:12:104 INFO  MyAccountPage :92 - get array list : Register[[ChromeDriver: chrome on windows (da73338252de5caa4fb30dae52794527)] -> link text: Register]
2023-12-19 20:12:190 INFO  RegisterPage :74 - Enter First name : Michel in first name field [[ChromeDriver: chrome on windows (da73338252de5caa4fb30dae52794527)] -> id: input-firstname]
2023-12-19 20:12:243 INFO  RegisterPage :79 - Enter surname : Jackson in last name field [[ChromeDriver: chrome on windows (da73338252de5caa4fb30dae52794527)] -> id: input-lastname]
2023-12-19 20:12:355 INFO  RegisterPage :86 - Enter email : random-dc1e9a9d-a08c-4c1e-be70-fb36ef34c1c2@gmail.com in email field [[ChromeDriver: chrome on windows (da73338252de5caa4fb30dae52794527)] -> id: input-email]
2023-12-19 20:12:416 INFO  RegisterPage :95 - Enter telephone number : 1234567890 in number field [[ChromeDriver: chrome on windows (da73338252de5caa4fb30dae52794527)] -> id: input-telephone]
2023-12-19 20:12:483 INFO  RegisterPage :100 - Enter password : 0987654 in password field [[ChromeDriver: chrome on windows (da73338252de5caa4fb30dae52794527)] -> id: input-password]
2023-12-19 20:12:560 INFO  RegisterPage :105 - Enter confirm password: 0987654 in confirm password field [[ChromeDriver: chrome on windows (da73338252de5caa4fb30dae52794527)] -> xpath: //input[@id='input-confirm']]
2023-12-19 20:12:612 INFO  RegisterPage :110 - Clicking on subscribe radio button : [[ChromeDriver: chrome on windows (da73338252de5caa4fb30dae52794527)] -> xpath: //label[normalize-space()='Yes']]
2023-12-19 20:12:667 INFO  RegisterPage :115 - Clicking on privacy box button : [[ChromeDriver: chrome on windows (da73338252de5caa4fb30dae52794527)] -> css selector: input[value='1'][name='agree']]
2023-12-19 20:12:422 INFO  RegisterPage :120 - Clicking on continue button : [[ChromeDriver: chrome on windows (da73338252de5caa4fb30dae52794527)] -> xpath: //input[@value='Continue']]
2023-12-19 20:12:457 INFO  MyAccountPage :55 - Get account creation text : [[ChromeDriver: chrome on windows (da73338252de5caa4fb30dae52794527)] -> xpath: //h1[normalize-space()='Your Account Has Been Created!']]
2023-12-19 20:12:498 INFO  MyAccountPage :61 - Clicking on continue account button : [[ChromeDriver: chrome on windows (da73338252de5caa4fb30dae52794527)] -> xpath: //h1[normalize-space()='Your Account Has Been Created!']]
2023-12-19 20:12:645 INFO  HomePage :116 - Clicking on account link : [[ChromeDriver: chrome on windows (da73338252de5caa4fb30dae52794527)] -> xpath: //span[normalize-space()='My Account']]
2023-12-19 20:12:389 INFO  MyAccountPage :92 - get array list : Logout[[ChromeDriver: chrome on windows (da73338252de5caa4fb30dae52794527)] -> link text: Logout]
2023-12-19 20:12:423 INFO  MyAccountPage :66 - Get account creation text : [[ChromeDriver: chrome on windows (da73338252de5caa4fb30dae52794527)] -> xpath: //a[normalize-space()='Logout']]
2023-12-19 20:12:829 INFO  MyAccountPage :72 - Clicking on logout button : [[ChromeDriver: chrome on windows (da73338252de5caa4fb30dae52794527)] -> xpath: //a[normalize-space()='Continue']]
2023-12-19 20:12:790 INFO  HomePage :116 - Clicking on account link : [[ChromeDriver: chrome on windows (f39b27bb46a606758d765738d6e9166c)] -> xpath: //span[normalize-space()='My Account']]
2023-12-19 20:12:315 INFO  MyAccountPage :92 - get array list : Login[[ChromeDriver: chrome on windows (f39b27bb46a606758d765738d6e9166c)] -> link text: Login]
2023-12-19 20:12:423 INFO  RegisterPage :86 - Enter email : robert_jackson@gmail.com in email field [[ChromeDriver: chrome on windows (f39b27bb46a606758d765738d6e9166c)] -> id: input-email]
2023-12-19 20:12:532 INFO  RegisterPage :100 - Enter password : 12345678 in password field [[ChromeDriver: chrome on windows (f39b27bb46a606758d765738d6e9166c)] -> id: input-password]
2023-12-19 20:12:559 INFO  MyAccountPage :77 - Clicking on login button : [[ChromeDriver: chrome on windows (f39b27bb46a606758d765738d6e9166c)] -> xpath: //input[@value='Login']]
2023-12-19 20:12:587 INFO  MyAccountPage :82 - Get My Account text : [[ChromeDriver: chrome on windows (f39b27bb46a606758d765738d6e9166c)] -> xpath: //h2[normalize-space()='My Account']]
2023-12-19 20:12:716 INFO  HomePage :116 - Clicking on account link : [[ChromeDriver: chrome on windows (f39b27bb46a606758d765738d6e9166c)] -> xpath: //span[normalize-space()='My Account']]
2023-12-19 20:12:572 INFO  MyAccountPage :92 - get array list : Logout[[ChromeDriver: chrome on windows (f39b27bb46a606758d765738d6e9166c)] -> link text: Logout]
2023-12-19 20:12:600 INFO  MyAccountPage :66 - Get account creation text : [[ChromeDriver: chrome on windows (f39b27bb46a606758d765738d6e9166c)] -> xpath: //a[normalize-space()='Logout']]
2023-12-19 20:12:13 INFO  MyAccountPage :72 - Clicking on logout button : [[ChromeDriver: chrome on windows (f39b27bb46a606758d765738d6e9166c)] -> xpath: //a[normalize-space()='Continue']]
2023-12-19 20:12:973 INFO  HomePage :73 - Clicking on desktop from : [[ChromeDriver: chrome on windows (dddb0c26ef4ba50f35f70e0487797a42)] -> link text: Desktops]
2023-12-19 20:12:57 INFO  HomePage :57 - Select menu from : Show AllDesktops[[ChromeDriver: chrome on windows (dddb0c26ef4ba50f35f70e0487797a42)] -> link text: Show AllDesktops]
2023-12-19 20:12:83 INFO  HomePage :78 - Clicking on desktop from : [[ChromeDriver: chrome on windows (dddb0c26ef4ba50f35f70e0487797a42)] -> xpath: //h2[contains(text(),'Desktops')]]
2023-12-19 20:12:402 INFO  HomePage :84 - Clicking on laptop and notebook from : [[ChromeDriver: chrome on windows (6812589a150bc2b0db5e471e36248562)] -> xpath: //a[normalize-space()='Laptops & Notebooks']]
2023-12-19 20:12:446 INFO  HomePage :57 - Select menu from : Show AllLaptops & Notebooks[[ChromeDriver: chrome on windows (6812589a150bc2b0db5e471e36248562)] -> link text: Show AllLaptops & Notebooks]
2023-12-19 20:12:481 INFO  HomePage :89 - Clicking on desktop from : [[ChromeDriver: chrome on windows (6812589a150bc2b0db5e471e36248562)] -> xpath: //h2[normalize-space()='Laptops & Notebooks']]
2023-12-19 20:12:424 INFO  HomePage :95 - Clicking on components from : [[ChromeDriver: chrome on windows (a891b88229082999869dffb28476733a)] -> xpath: //a[normalize-space()='Components']]
2023-12-19 20:12:199 INFO  HomePage :57 - Select menu from : Show AllComponents[[ChromeDriver: chrome on windows (a891b88229082999869dffb28476733a)] -> link text: Show AllComponents]
2023-12-19 20:12:232 INFO  HomePage :100 - Clicking on desktop from : [[ChromeDriver: chrome on windows (a891b88229082999869dffb28476733a)] -> xpath: //h2[normalize-space()='Components']]
